Using pre-set license
Built from '2021.3/staging' branch; Version is '2021.3.3f1 (af2e63e8f9bd) revision 11480675'; Using compiler version '192829333'; Build Type 'Release'
OS: 'Windows 10  (10.0.19045) 64bit Professional' Language: 'ko' Physical Memory: 130978 MB
BatchMode: 1, IsHumanControllingUs: 0, StartBugReporterOnCrash: 0, Is64bit: 1, IsPro: 1

COMMAND LINE ARGUMENTS:
C:\Program Files\Unity 2021.3.3f1\Editor\Unity.exe
-adb2
-batchMode
-noUpm
-name
AssetImportWorker1
-projectPath
D:/HammerLike/HammerLike
-logFile
Logs/AssetImportWorker1.log
-srvPort
49579
Successfully changed project path to: D:/HammerLike/HammerLike
D:/HammerLike/HammerLike
[UnityMemory] Configuration Parameters - Can be set up in boot.config
    "memorysetup-bucket-allocator-granularity=16"
    "memorysetup-bucket-allocator-bucket-count=8"
    "memorysetup-bucket-allocator-block-size=33554432"
    "memorysetup-bucket-allocator-block-count=8"
    "memorysetup-main-allocator-block-size=16777216"
    "memorysetup-thread-allocator-block-size=16777216"
    "memorysetup-gfx-main-allocator-block-size=16777216"
    "memorysetup-gfx-thread-allocator-block-size=16777216"
    "memorysetup-cache-allocator-block-size=4194304"
    "memorysetup-typetree-allocator-block-size=2097152"
    "memorysetup-profiler-bucket-allocator-granularity=16"
    "memorysetup-profiler-bucket-allocator-bucket-count=8"
    "memorysetup-profiler-bucket-allocator-block-size=33554432"
    "memorysetup-profiler-bucket-allocator-block-count=8"
    "memorysetup-profiler-allocator-block-size=16777216"
    "memorysetup-profiler-editor-allocator-block-size=1048576"
    "memorysetup-temp-allocator-size-main=16777216"
    "memorysetup-job-temp-allocator-block-size=2097152"
    "memorysetup-job-temp-allocator-block-size-background=1048576"
    "memorysetup-job-temp-allocator-reduction-small-platforms=262144"
    "memorysetup-temp-allocator-size-background-worker=32768"
    "memorysetup-temp-allocator-size-job-worker=262144"
    "memorysetup-temp-allocator-size-preload-manager=33554432"
    "memorysetup-temp-allocator-size-nav-mesh-worker=65536"
    "memorysetup-temp-allocator-size-audio-worker=65536"
    "memorysetup-temp-allocator-size-cloud-worker=32768"
    "memorysetup-temp-allocator-size-gi-baking-worker=262144"
    "memorysetup-temp-allocator-size-gfx=262144"
Refreshing native plugins compatible for Editor in 77.74 ms, found 3 plugins.
Preloading 0 native plugins for Editor in 0.00 ms.
Initialize engine version: 2021.3.3f1 (af2e63e8f9bd)
[Subsystems] Discovering subsystems at path C:/Program Files/Unity 2021.3.3f1/Editor/Data/Resources/UnitySubsystems
[Subsystems] Discovering subsystems at path D:/HammerLike/HammerLike/Assets
GfxDevice: creating device client; threaded=0; jobified=0
Direct3D:
    Version:  Direct3D 11.0 [level 11.1]
    Renderer: NVIDIA GeForce RTX 3060 (ID=0x2503)
    Vendor:   NVIDIA
    VRAM:     12129 MB
    Driver:   31.0.15.3623
Initialize mono
Mono path[0] = 'C:/Program Files/Unity 2021.3.3f1/Editor/Data/Managed'
Mono path[1] = 'C:/Program Files/Unity 2021.3.3f1/Editor/Data/MonoBleedingEdge/lib/mono/unityjit-win32'
Mono config path = 'C:/Program Files/Unity 2021.3.3f1/Editor/Data/MonoBleedingEdge/etc'
Using monoOptions --debugger-agent=transport=dt_socket,embedding=1,server=y,suspend=n,address=127.0.0.1:56868
Begin MonoManager ReloadAssembly
Registering precompiled unity dll's ...
Register platform support module: C:/Program Files/Unity 2021.3.3f1/Editor/Data/PlaybackEngines/WindowsStandaloneSupport/UnityEditor.WindowsStandalone.Extensions.dll
Registered in 0.004900 seconds.
Native extension for WindowsStandalone target not found
Refreshing native plugins compatible for Editor in 77.26 ms, found 3 plugins.
Preloading 0 native plugins for Editor in 0.00 ms.
Mono: successfully reloaded assembly
- Completed reload, in  0.484 seconds
Domain Reload Profiling:
	ReloadAssembly (484ms)
		BeginReloadAssembly (65ms)
			ExecutionOrderSort (0ms)
			DisableScriptedObjects (0ms)
			BackupInstance (0ms)
			ReleaseScriptingObjects (0ms)
			CreateAndSetChildDomain (1ms)
		EndReloadAssembly (331ms)
			LoadAssemblies (61ms)
			RebuildTransferFunctionScriptingTraits (0ms)
			SetupTypeCache (67ms)
			ReleaseScriptCaches (0ms)
			RebuildScriptCaches (19ms)
			SetupLoadedEditorAssemblies (205ms)
				LogAssemblyErrors (0ms)
				InitializePlatformSupportModulesInManaged (6ms)
				SetLoadedEditorAssemblies (0ms)
				RefreshPlugins (77ms)
				BeforeProcessingInitializeOnLoad (1ms)
				ProcessInitializeOnLoadAttributes (86ms)
				ProcessInitializeOnLoadMethodAttributes (35ms)
				AfterProcessingInitializeOnLoad (0ms)
				EditorAssembliesLoaded (0ms)
			ExecutionOrderSort2 (0ms)
			AwakeInstancesAfterBackupRestoration (0ms)
Platform modules already initialized, skipping
Registering precompiled user dll's ...
Registered in 0.005032 seconds.
Begin MonoManager ReloadAssembly
Symbol file LoadedFromMemory doesn't match image D:\HammerLike\HammerLike\Library\PackageCache\com.unity.visualscripting@1.7.6\Editor\VisualScripting.Core\Dependencies\YamlDotNet\Unity.VisualScripting.YamlDotNet.dll
Symbol file LoadedFromMemory doesn't match image D:\HammerLike\HammerLike\Library\PackageCache\com.unity.visualscripting@1.7.6\Editor\VisualScripting.Core\Dependencies\DotNetZip\Unity.VisualScripting.IonicZip.dll
Native extension for WindowsStandalone target not found
Refreshing native plugins compatible for Editor in 77.61 ms, found 3 plugins.
Preloading 0 native plugins for Editor in 0.00 ms.
Mono: successfully reloaded assembly
- Completed reload, in  0.966 seconds
Domain Reload Profiling:
	ReloadAssembly (967ms)
		BeginReloadAssembly (93ms)
			ExecutionOrderSort (0ms)
			DisableScriptedObjects (4ms)
			BackupInstance (0ms)
			ReleaseScriptingObjects (0ms)
			CreateAndSetChildDomain (17ms)
		EndReloadAssembly (786ms)
			LoadAssemblies (77ms)
			RebuildTransferFunctionScriptingTraits (0ms)
			SetupTypeCache (212ms)
			ReleaseScriptCaches (1ms)
			RebuildScriptCaches (41ms)
			SetupLoadedEditorAssemblies (425ms)
				LogAssemblyErrors (0ms)
				InitializePlatformSupportModulesInManaged (4ms)
				SetLoadedEditorAssemblies (0ms)
				RefreshPlugins (78ms)
				BeforeProcessingInitializeOnLoad (91ms)
				ProcessInitializeOnLoadAttributes (182ms)
				ProcessInitializeOnLoadMethodAttributes (59ms)
				AfterProcessingInitializeOnLoad (12ms)
				EditorAssembliesLoaded (0ms)
			ExecutionOrderSort2 (0ms)
			AwakeInstancesAfterBackupRestoration (10ms)
Platform modules already initialized, skipping
========================================================================
Worker process is ready to serve import requests
State comes from an incompatible keyword space
State comes from an incompatible keyword space
Launched and connected shader compiler UnityShaderCompiler.exe after 0.04 seconds
Refreshing native plugins compatible for Editor in 0.92 ms, found 3 plugins.
Preloading 0 native plugins for Editor in 0.00 ms.
Unloading 5512 Unused Serialized files (Serialized files now loaded: 0)
Unloading 56 unused Assets / (5.7 MB). Loaded Objects now: 5941.
Memory consumption went from 222.4 MB to 216.7 MB.
Total: 4.626900 ms (FindLiveObjects: 0.441000 ms CreateObjectMapping: 0.305400 ms MarkObjects: 2.912400 ms  DeleteObjects: 0.967100 ms)

AssetImportParameters requested are different than current active one (requested -> active):
  custom:video-decoder-ogg-theora: a1e56fd34408186e4bbccfd4996cb3dc -> 
  custom:container-muxer-webm: aa71ff27fc2769a1b78a27578f13a17b -> 
  custom:container-demuxer-webm: 4f35f7cbe854078d1ac9338744f61a02 -> 
  custom:video-encoder-webm-vp8: eb34c28f22e8b96e1ab97ce403110664 -> 
  custom:audio-encoder-webm-vorbis: bf7c407c2cedff20999df2af8eb42d56 -> 
  custom:framework-win-MediaFoundation: 216162199b28c13a410421893ffa2e32 -> 
  custom:container-demuxer-ogg: 62fdf1f143b41e24485cea50d1cbac27 -> 
  custom:video-decoder-webm-vp8: 9c59270c3fd7afecdb556c50c9e8de78 -> 
  custom:audio-decoder-ogg-vorbis: bf7c407c2cedff20999df2af8eb42d56 -> 
========================================================================
Received Import Request.
  Time since last request: 860455.223258 seconds.
  path: Assets
  artifactKey: Guid(00000000000000001000000000000000) Importer(815301076,1909f56bfc062723c751e8b465ee728b)
Start importing Assets using Guid(00000000000000001000000000000000) Importer(815301076,1909f56bfc062723c751e8b465ee728b)  -> (artifact id: '79842766b460edbeab6a34051e857a80') in 0.009049 seconds 
========================================================================
Received Prepare
Registering precompiled user dll's ...
Registered in 0.004474 seconds.
Begin MonoManager ReloadAssembly
Symbol file LoadedFromMemory doesn't match image D:\HammerLike\HammerLike\Library\PackageCache\com.unity.visualscripting@1.7.6\Editor\VisualScripting.Core\Dependencies\YamlDotNet\Unity.VisualScripting.YamlDotNet.dll
Symbol file LoadedFromMemory doesn't match image D:\HammerLike\HammerLike\Library\PackageCache\com.unity.visualscripting@1.7.6\Editor\VisualScripting.Core\Dependencies\DotNetZip\Unity.VisualScripting.IonicZip.dll
Native extension for WindowsStandalone target not found
Refreshing native plugins compatible for Editor in 0.93 ms, found 3 plugins.
Preloading 0 native plugins for Editor in 0.00 ms.
Mono: successfully reloaded assembly
- Completed reload, in  0.862 seconds
Domain Reload Profiling:
	ReloadAssembly (863ms)
		BeginReloadAssembly (132ms)
			ExecutionOrderSort (0ms)
			DisableScriptedObjects (4ms)
			BackupInstance (0ms)
			ReleaseScriptingObjects (0ms)
			CreateAndSetChildDomain (37ms)
		EndReloadAssembly (655ms)
			LoadAssemblies (82ms)
			RebuildTransferFunctionScriptingTraits (0ms)
			SetupTypeCache (208ms)
			ReleaseScriptCaches (2ms)
			RebuildScriptCaches (30ms)
			SetupLoadedEditorAssemblies (313ms)
				LogAssemblyErrors (0ms)
				InitializePlatformSupportModulesInManaged (9ms)
				SetLoadedEditorAssemblies (0ms)
				RefreshPlugins (1ms)
				BeforeProcessingInitializeOnLoad (72ms)
				ProcessInitializeOnLoadAttributes (161ms)
				ProcessInitializeOnLoadMethodAttributes (58ms)
				AfterProcessingInitializeOnLoad (12ms)
				EditorAssembliesLoaded (0ms)
			ExecutionOrderSort2 (0ms)
			AwakeInstancesAfterBackupRestoration (10ms)
Platform modules already initialized, skipping
State comes from an incompatible keyword space
State comes from an incompatible keyword space
Refreshing native plugins compatible for Editor in 2.08 ms, found 3 plugins.
Preloading 0 native plugins for Editor in 0.00 ms.
Unloading 5397 Unused Serialized files (Serialized files now loaded: 0)
Unloading 49 unused Assets / (5.8 MB). Loaded Objects now: 5944.
Memory consumption went from 212.1 MB to 206.3 MB.
Total: 4.162900 ms (FindLiveObjects: 0.366500 ms CreateObjectMapping: 0.285600 ms MarkObjects: 2.565700 ms  DeleteObjects: 0.944500 ms)

AssetImportParameters requested are different than current active one (requested -> active):
  custom:video-decoder-ogg-theora: a1e56fd34408186e4bbccfd4996cb3dc -> 
  custom:container-muxer-webm: aa71ff27fc2769a1b78a27578f13a17b -> 
  custom:container-demuxer-webm: 4f35f7cbe854078d1ac9338744f61a02 -> 
  custom:video-encoder-webm-vp8: eb34c28f22e8b96e1ab97ce403110664 -> 
  custom:audio-encoder-webm-vorbis: bf7c407c2cedff20999df2af8eb42d56 -> 
  custom:framework-win-MediaFoundation: 216162199b28c13a410421893ffa2e32 -> 
  custom:container-demuxer-ogg: 62fdf1f143b41e24485cea50d1cbac27 -> 
  custom:video-decoder-webm-vp8: 9c59270c3fd7afecdb556c50c9e8de78 -> 
  custom:audio-decoder-ogg-vorbis: bf7c407c2cedff20999df2af8eb42d56 -> 
========================================================================
Received Prepare
Registering precompiled user dll's ...
Registered in 0.005275 seconds.
Begin MonoManager ReloadAssembly
Symbol file LoadedFromMemory doesn't match image D:\HammerLike\HammerLike\Library\PackageCache\com.unity.visualscripting@1.7.6\Editor\VisualScripting.Core\Dependencies\YamlDotNet\Unity.VisualScripting.YamlDotNet.dll
Symbol file LoadedFromMemory doesn't match image D:\HammerLike\HammerLike\Library\PackageCache\com.unity.visualscripting@1.7.6\Editor\VisualScripting.Core\Dependencies\DotNetZip\Unity.VisualScripting.IonicZip.dll
Native extension for WindowsStandalone target not found
Refreshing native plugins compatible for Editor in 0.95 ms, found 3 plugins.
Preloading 0 native plugins for Editor in 0.00 ms.
Mono: successfully reloaded assembly
- Completed reload, in  0.869 seconds
Domain Reload Profiling:
	ReloadAssembly (870ms)
		BeginReloadAssembly (130ms)
			ExecutionOrderSort (0ms)
			DisableScriptedObjects (5ms)
			BackupInstance (0ms)
			ReleaseScriptingObjects (0ms)
			CreateAndSetChildDomain (37ms)
		EndReloadAssembly (663ms)
			LoadAssemblies (84ms)
			RebuildTransferFunctionScriptingTraits (0ms)
			SetupTypeCache (208ms)
			ReleaseScriptCaches (2ms)
			RebuildScriptCaches (31ms)
			SetupLoadedEditorAssemblies (319ms)
				LogAssemblyErrors (0ms)
				InitializePlatformSupportModulesInManaged (9ms)
				SetLoadedEditorAssemblies (0ms)
				RefreshPlugins (1ms)
				BeforeProcessingInitializeOnLoad (73ms)
				ProcessInitializeOnLoadAttributes (162ms)
				ProcessInitializeOnLoadMethodAttributes (62ms)
				AfterProcessingInitializeOnLoad (12ms)
				EditorAssembliesLoaded (0ms)
			ExecutionOrderSort2 (0ms)
			AwakeInstancesAfterBackupRestoration (10ms)
Platform modules already initialized, skipping
State comes from an incompatible keyword space
State comes from an incompatible keyword space
Refreshing native plugins compatible for Editor in 1.98 ms, found 3 plugins.
Preloading 0 native plugins for Editor in 0.00 ms.
Unloading 5397 Unused Serialized files (Serialized files now loaded: 0)
Unloading 49 unused Assets / (5.8 MB). Loaded Objects now: 5947.
Memory consumption went from 212.1 MB to 206.3 MB.
Total: 4.600800 ms (FindLiveObjects: 0.386000 ms CreateObjectMapping: 0.282500 ms MarkObjects: 2.864500 ms  DeleteObjects: 1.067100 ms)

AssetImportParameters requested are different than current active one (requested -> active):
  custom:video-decoder-ogg-theora: a1e56fd34408186e4bbccfd4996cb3dc -> 
  custom:container-muxer-webm: aa71ff27fc2769a1b78a27578f13a17b -> 
  custom:container-demuxer-webm: 4f35f7cbe854078d1ac9338744f61a02 -> 
  custom:video-encoder-webm-vp8: eb34c28f22e8b96e1ab97ce403110664 -> 
  custom:audio-encoder-webm-vorbis: bf7c407c2cedff20999df2af8eb42d56 -> 
  custom:framework-win-MediaFoundation: 216162199b28c13a410421893ffa2e32 -> 
  custom:container-demuxer-ogg: 62fdf1f143b41e24485cea50d1cbac27 -> 
  custom:video-decoder-webm-vp8: 9c59270c3fd7afecdb556c50c9e8de78 -> 
  custom:audio-decoder-ogg-vorbis: bf7c407c2cedff20999df2af8eb42d56 -> 
========================================================================
Received Import Request.
  Time since last request: 392.869150 seconds.
  path: Assets/Test/2DRenderer_Renderer.asset
  artifactKey: Guid(47c0784deac429b4abbd7829b4653991) Importer(815301076,1909f56bfc062723c751e8b465ee728b)
Start importing Assets/Test/2DRenderer_Renderer.asset using Guid(47c0784deac429b4abbd7829b4653991) Importer(815301076,1909f56bfc062723c751e8b465ee728b)  -> (artifact id: 'fcd507f9c5472454fe5dbdc32f05c8bb') in 0.087037 seconds 
========================================================================
Received Import Request.
  Time since last request: 246.825864 seconds.
  path: Assets/Test/New 2D Renderer Data.asset
  artifactKey: Guid(383f64a78f03fd04eae81a20685d2d59) Importer(815301076,1909f56bfc062723c751e8b465ee728b)
Start importing Assets/Test/New 2D Renderer Data.asset using Guid(383f64a78f03fd04eae81a20685d2d59) Importer(815301076,1909f56bfc062723c751e8b465ee728b)  -> (artifact id: 'a9012b5da6b20c112990b60e78232304') in 0.025072 seconds 
========================================================================
Received Prepare
Registering precompiled user dll's ...
Registered in 0.005168 seconds.
Begin MonoManager ReloadAssembly
Symbol file LoadedFromMemory doesn't match image D:\HammerLike\HammerLike\Library\PackageCache\com.unity.visualscripting@1.7.6\Editor\VisualScripting.Core\Dependencies\YamlDotNet\Unity.VisualScripting.YamlDotNet.dll
Symbol file LoadedFromMemory doesn't match image D:\HammerLike\HammerLike\Library\PackageCache\com.unity.visualscripting@1.7.6\Editor\VisualScripting.Core\Dependencies\DotNetZip\Unity.VisualScripting.IonicZip.dll
Native extension for WindowsStandalone target not found
Refreshing native plugins compatible for Editor in 0.94 ms, found 3 plugins.
Preloading 0 native plugins for Editor in 0.00 ms.
Mono: successfully reloaded assembly
- Completed reload, in  0.871 seconds
Domain Reload Profiling:
	ReloadAssembly (871ms)
		BeginReloadAssembly (130ms)
			ExecutionOrderSort (0ms)
			DisableScriptedObjects (4ms)
			BackupInstance (0ms)
			ReleaseScriptingObjects (0ms)
			CreateAndSetChildDomain (38ms)
		EndReloadAssembly (662ms)
			LoadAssemblies (85ms)
			RebuildTransferFunctionScriptingTraits (0ms)
			SetupTypeCache (200ms)
			ReleaseScriptCaches (2ms)
			RebuildScriptCaches (29ms)
			SetupLoadedEditorAssemblies (322ms)
				LogAssemblyErrors (0ms)
				InitializePlatformSupportModulesInManaged (9ms)
				SetLoadedEditorAssemblies (0ms)
				RefreshPlugins (1ms)
				BeforeProcessingInitializeOnLoad (73ms)
				ProcessInitializeOnLoadAttributes (166ms)
				ProcessInitializeOnLoadMethodAttributes (61ms)
				AfterProcessingInitializeOnLoad (11ms)
				EditorAssembliesLoaded (0ms)
			ExecutionOrderSort2 (0ms)
			AwakeInstancesAfterBackupRestoration (8ms)
Platform modules already initialized, skipping
Switching render pipeline 00000000000000000000000000000000 -> b2ae3cbd26d32834a95c0a2cec2f7704
State comes from an incompatible keyword space
State comes from an incompatible keyword space
You have not currently set the render pipeline asset in the 'Quality' project settings. ProPixelizer requires a Universal Render Pipeline Asset.
UnityEngine.StackTraceUtility:ExtractStackTrace ()
UnityEngine.DebugLogHandler:LogFormat (UnityEngine.LogType,UnityEngine.Object,string,object[])
UnityEngine.Logger:Log (UnityEngine.LogType,object)
UnityEngine.Debug:LogError (object)
ProPixelizer.ProPixelizerVerification:Check () (at Assets/ProPixelizer/Tools/Package/ProPixelizerVerification.cs:44)
PixelisationFeature:Create () (at Assets/ProPixelizer/SRP/PixelisationFeature.cs:40)
UnityEngine.Rendering.Universal.ScriptableRendererFeature:OnValidate () (at Library/PackageCache/com.unity.render-pipelines.universal@12.1.6/Runtime/ScriptableRendererFeature.cs:46)

(Filename: Assets/ProPixelizer/Tools/Package/ProPixelizerVerification.cs Line: 44)

You are currently using different render pipeline assets for the graphics settings (Project Settings > Graphics) and quality settings (Project Settings > Quality). This may lead to unintended behavior for ProPixelizer.
UnityEngine.StackTraceUtility:ExtractStackTrace ()
UnityEngine.DebugLogHandler:LogFormat (UnityEngine.LogType,UnityEngine.Object,string,object[])
UnityEngine.Logger:Log (UnityEngine.LogType,object)
UnityEngine.Debug:LogWarning (object)
ProPixelizer.ProPixelizerVerification:Check () (at Assets/ProPixelizer/Tools/Package/ProPixelizerVerification.cs:54)
PixelisationFeature:Create () (at Assets/ProPixelizer/SRP/PixelisationFeature.cs:40)
UnityEngine.Rendering.Universal.ScriptableRendererFeature:OnValidate () (at Library/PackageCache/com.unity.render-pipelines.universal@12.1.6/Runtime/ScriptableRendererFeature.cs:46)

(Filename: Assets/ProPixelizer/Tools/Package/ProPixelizerVerification.cs Line: 54)

The ShaderGraph Variant Limit is currently set to a value of 128. The ProPixelizer appearance shader will not compile unless this variant is raised, and your shaders will appear pink. Please increase this limit, e.g. to 256, by changing Preferences > ShaderGraph > Shader Variant Limit. Afterwards, reimport the ProPixelizer folder.
UnityEngine.StackTraceUtility:ExtractStackTrace ()
UnityEngine.DebugLogHandler:LogFormat (UnityEngine.LogType,UnityEngine.Object,string,object[])
UnityEngine.Logger:Log (UnityEngine.LogType,object)
UnityEngine.Debug:LogWarning (object)
ProPixelizer.ProPixelizerVerification:Check () (at Assets/ProPixelizer/Tools/Package/ProPixelizerVerification.cs:61)
PixelisationFeature:Create () (at Assets/ProPixelizer/SRP/PixelisationFeature.cs:40)
UnityEngine.Rendering.Universal.ScriptableRendererFeature:OnValidate () (at Library/PackageCache/com.unity.render-pipelines.universal@12.1.6/Runtime/ScriptableRendererFeature.cs:46)

(Filename: Assets/ProPixelizer/Tools/Package/ProPixelizerVerification.cs Line: 61)

You have not currently set the render pipeline asset in the 'Quality' project settings. ProPixelizer requires a Universal Render Pipeline Asset.
UnityEngine.StackTraceUtility:ExtractStackTrace ()
UnityEngine.DebugLogHandler:LogFormat (UnityEngine.LogType,UnityEngine.Object,string,object[])
UnityEngine.Logger:Log (UnityEngine.LogType,object)
UnityEngine.Debug:LogError (object)
ProPixelizer.ProPixelizerVerification:Check () (at Assets/ProPixelizer/Tools/Package/ProPixelizerVerification.cs:44)
PixelisationFeature:Create () (at Assets/ProPixelizer/SRP/PixelisationFeature.cs:40)
UnityEngine.Rendering.Universal.ScriptableRendererFeature:OnEnable () (at Library/PackageCache/com.unity.render-pipelines.universal@12.1.6/Runtime/ScriptableRendererFeature.cs:41)

(Filename: Assets/ProPixelizer/Tools/Package/ProPixelizerVerification.cs Line: 44)

You are currently using different render pipeline assets for the graphics settings (Project Settings > Graphics) and quality settings (Project Settings > Quality). This may lead to unintended behavior for ProPixelizer.
UnityEngine.StackTraceUtility:ExtractStackTrace ()
UnityEngine.DebugLogHandler:LogFormat (UnityEngine.LogType,UnityEngine.Object,string,object[])
UnityEngine.Logger:Log (UnityEngine.LogType,object)
UnityEngine.Debug:LogWarning (object)
ProPixelizer.ProPixelizerVerification:Check () (at Assets/ProPixelizer/Tools/Package/ProPixelizerVerification.cs:54)
PixelisationFeature:Create () (at Assets/ProPixelizer/SRP/PixelisationFeature.cs:40)
UnityEngine.Rendering.Universal.ScriptableRendererFeature:OnEnable () (at Library/PackageCache/com.unity.render-pipelines.universal@12.1.6/Runtime/ScriptableRendererFeature.cs:41)

(Filename: Assets/ProPixelizer/Tools/Package/ProPixelizerVerification.cs Line: 54)

The ShaderGraph Variant Limit is currently set to a value of 128. The ProPixelizer appearance shader will not compile unless this variant is raised, and your shaders will appear pink. Please increase this limit, e.g. to 256, by changing Preferences > ShaderGraph > Shader Variant Limit. Afterwards, reimport the ProPixelizer folder.
UnityEngine.StackTraceUtility:ExtractStackTrace ()
UnityEngine.DebugLogHandler:LogFormat (UnityEngine.LogType,UnityEngine.Object,string,object[])
UnityEngine.Logger:Log (UnityEngine.LogType,object)
UnityEngine.Debug:LogWarning (object)
ProPixelizer.ProPixelizerVerification:Check () (at Assets/ProPixelizer/Tools/Package/ProPixelizerVerification.cs:61)
PixelisationFeature:Create () (at Assets/ProPixelizer/SRP/PixelisationFeature.cs:40)
UnityEngine.Rendering.Universal.ScriptableRendererFeature:OnEnable () (at Library/PackageCache/com.unity.render-pipelines.universal@12.1.6/Runtime/ScriptableRendererFeature.cs:41)

(Filename: Assets/ProPixelizer/Tools/Package/ProPixelizerVerification.cs Line: 61)

Refreshing native plugins compatible for Editor in 2.07 ms, found 3 plugins.
Preloading 0 native plugins for Editor in 0.00 ms.
Unloading 5445 Unused Serialized files (Serialized files now loaded: 0)
Unloading 46 unused Assets / (5.6 MB). Loaded Objects now: 6002.
Memory consumption went from 216.6 MB to 211.0 MB.
Total: 4.130000 ms (FindLiveObjects: 0.399000 ms CreateObjectMapping: 0.268900 ms MarkObjects: 2.536300 ms  DeleteObjects: 0.925100 ms)

AssetImportParameters requested are different than current active one (requested -> active):
  custom:video-decoder-ogg-theora: a1e56fd34408186e4bbccfd4996cb3dc -> 
  custom:container-muxer-webm: aa71ff27fc2769a1b78a27578f13a17b -> 
  custom:container-demuxer-webm: 4f35f7cbe854078d1ac9338744f61a02 -> 
  custom:video-encoder-webm-vp8: eb34c28f22e8b96e1ab97ce403110664 -> 
  custom:audio-encoder-webm-vorbis: bf7c407c2cedff20999df2af8eb42d56 -> 
  custom:framework-win-MediaFoundation: 216162199b28c13a410421893ffa2e32 -> 
  custom:container-demuxer-ogg: 62fdf1f143b41e24485cea50d1cbac27 -> 
  custom:video-decoder-webm-vp8: 9c59270c3fd7afecdb556c50c9e8de78 -> 
  custom:audio-decoder-ogg-vorbis: bf7c407c2cedff20999df2af8eb42d56 -> 
========================================================================
Received Import Request.
  Time since last request: 181.276300 seconds.
  path: Assets/Test/2DRenderer_Renderer.asset
  artifactKey: Guid(47c0784deac429b4abbd7829b4653991) Importer(815301076,1909f56bfc062723c751e8b465ee728b)
Start importing Assets/Test/2DRenderer_Renderer.asset using Guid(47c0784deac429b4abbd7829b4653991) Importer(815301076,1909f56bfc062723c751e8b465ee728b)  -> (artifact id: '586727c7b91f85695ea83a023a45dc46') in 0.023309 seconds 
========================================================================
Received Import Request.
  Time since last request: 0.000012 seconds.
  path: Assets/Test/PipelineAsset.asset
  artifactKey: Guid(664aca509489a1a4398c2b9b1ff84c5e) Importer(815301076,1909f56bfc062723c751e8b465ee728b)
Start importing Assets/Test/PipelineAsset.asset using Guid(664aca509489a1a4398c2b9b1ff84c5e) Importer(815301076,1909f56bfc062723c751e8b465ee728b)  -> (artifact id: '349daea09404ea9bed6d3b4f4a2c4d43') in 0.001895 seconds 
========================================================================
Received Import Request.
  Time since last request: 0.000013 seconds.
  path: Assets/Test/Goblin_Test.fbx
  artifactKey: Guid(c13859e5a82b3cf4a8ccb7810a9b02c5) Importer(815301076,1909f56bfc062723c751e8b465ee728b)
Start importing Assets/Test/Goblin_Test.fbx using Guid(c13859e5a82b3cf4a8ccb7810a9b02c5) Importer(815301076,1909f56bfc062723c751e8b465ee728b) You have not currently set the render pipeline asset in the 'Quality' project settings. ProPixelizer requires a Universal Render Pipeline Asset.
UnityEngine.StackTraceUtility:ExtractStackTrace ()
UnityEngine.DebugLogHandler:LogFormat (UnityEngine.LogType,UnityEngine.Object,string,object[])
UnityEngine.Logger:Log (UnityEngine.LogType,object)
UnityEngine.Debug:LogError (object)
ProPixelizer.ProPixelizerVerification:Check () (at Assets/ProPixelizer/Tools/Package/ProPixelizerVerification.cs:44)
PixelisationFeature:Create () (at Assets/ProPixelizer/SRP/PixelisationFeature.cs:40)
UnityEngine.Rendering.Universal.ScriptableRenderer:.ctor (UnityEngine.Rendering.Universal.ScriptableRendererData) (at Library/PackageCache/com.unity.render-pipelines.universal@12.1.6/Runtime/ScriptableRenderer.cs:540)
UnityEngine.Rendering.Universal.UniversalRenderer:.ctor (UnityEngine.Rendering.Universal.UniversalRendererData) (at Library/PackageCache/com.unity.render-pipelines.universal@12.1.6/Runtime/UniversalRenderer.cs:147)
UnityEngine.Rendering.Universal.UniversalRendererData:Create () (at Library/PackageCache/com.unity.render-pipelines.universal@12.1.6/Runtime/UniversalRendererData.cs:102)
UnityEngine.Rendering.Universal.ScriptableRendererData:InternalCreateRenderer () (at Library/PackageCache/com.unity.render-pipelines.universal@12.1.6/Runtime/ScriptableRendererData.cs:68)
UnityEngine.Rendering.Universal.UniversalRenderPipelineAsset:CreateRenderers () (at Library/PackageCache/com.unity.render-pipelines.universal@12.1.6/Runtime/Data/UniversalRenderPipelineAsset.cs:450)
UnityEngine.Rendering.Universal.UniversalRenderPipelineAsset:CreatePipeline () (at Library/PackageCache/com.unity.render-pipelines.universal@12.1.6/Runtime/Data/UniversalRenderPipelineAsset.cs:400)
UnityEngine.Rendering.RenderPipelineAsset:InternalCreatePipeline ()
UnityEngine.Rendering.RenderPipelineManager:PrepareRenderPipeline (UnityEngine.Rendering.RenderPipelineAsset)
UnityEngine.Rendering.RenderPipelineManager:DoRenderLoop_Internal (UnityEngine.Rendering.RenderPipelineAsset,intptr,System.Collections.Generic.List`1<UnityEngine.Camera/RenderRequest>,Unity.Collections.LowLevel.Unsafe.AtomicSafetyHandle)
UnityEditor.PreviewRenderUtility:Render (bool,bool)
UnityEditor.GameObjectInspector:DoRenderPreview ()
UnityEditor.GameObjectInspector:RenderStaticPreview (string,UnityEngine.Object[],int,int)
UnityEditor.AssetPreviewUpdater:CreatePreview (UnityEngine.Object,UnityEngine.Object[],string,int,int)
UnityEditor.AssetPreviewUpdater:CreatePreviewForAsset (UnityEngine.Object,UnityEngine.Object[],string)

(Filename: Assets/ProPixelizer/Tools/Package/ProPixelizerVerification.cs Line: 44)

You are currently using different render pipeline assets for the graphics settings (Project Settings > Graphics) and quality settings (Project Settings > Quality). This may lead to unintended behavior for ProPixelizer.
UnityEngine.StackTraceUtility:ExtractStackTrace ()
UnityEngine.DebugLogHandler:LogFormat (UnityEngine.LogType,UnityEngine.Object,string,object[])
UnityEngine.Logger:Log (UnityEngine.LogType,object)
UnityEngine.Debug:LogWarning (object)
ProPixelizer.ProPixelizerVerification:Check () (at Assets/ProPixelizer/Tools/Package/ProPixelizerVerification.cs:54)
PixelisationFeature:Create () (at Assets/ProPixelizer/SRP/PixelisationFeature.cs:40)
UnityEngine.Rendering.Universal.ScriptableRenderer:.ctor (UnityEngine.Rendering.Universal.ScriptableRendererData) (at Library/PackageCache/com.unity.render-pipelines.universal@12.1.6/Runtime/ScriptableRenderer.cs:540)
UnityEngine.Rendering.Universal.UniversalRenderer:.ctor (UnityEngine.Rendering.Universal.UniversalRendererData) (at Library/PackageCache/com.unity.render-pipelines.universal@12.1.6/Runtime/UniversalRenderer.cs:147)
UnityEngine.Rendering.Universal.UniversalRendererData:Create () (at Library/PackageCache/com.unity.render-pipelines.universal@12.1.6/Runtime/UniversalRendererData.cs:102)
UnityEngine.Rendering.Universal.ScriptableRendererData:InternalCreateRenderer () (at Library/PackageCache/com.unity.render-pipelines.universal@12.1.6/Runtime/ScriptableRendererData.cs:68)
UnityEngine.Rendering.Universal.UniversalRenderPipelineAsset:CreateRenderers () (at Library/PackageCache/com.unity.render-pipelines.universal@12.1.6/Runtime/Data/UniversalRenderPipelineAsset.cs:450)
UnityEngine.Rendering.Universal.UniversalRenderPipelineAsset:CreatePipeline () (at Library/PackageCache/com.unity.render-pipelines.universal@12.1.6/Runtime/Data/UniversalRenderPipelineAsset.cs:400)
UnityEngine.Rendering.RenderPipelineAsset:InternalCreatePipeline ()
UnityEngine.Rendering.RenderPipelineManager:PrepareRenderPipeline (UnityEngine.Rendering.RenderPipelineAsset)
UnityEngine.Rendering.RenderPipelineManager:DoRenderLoop_Internal (UnityEngine.Rendering.RenderPipelineAsset,intptr,System.Collections.Generic.List`1<UnityEngine.Camera/RenderRequest>,Unity.Collections.LowLevel.Unsafe.AtomicSafetyHandle)
UnityEditor.PreviewRenderUtility:Render (bool,bool)
UnityEditor.GameObjectInspector:DoRenderPreview ()
UnityEditor.GameObjectInspector:RenderStaticPreview (string,UnityEngine.Object[],int,int)
UnityEditor.AssetPreviewUpdater:CreatePreview (UnityEngine.Object,UnityEngine.Object[],string,int,int)
UnityEditor.AssetPreviewUpdater:CreatePreviewForAsset (UnityEngine.Object,UnityEngine.Object[],string)

(Filename: Assets/ProPixelizer/Tools/Package/ProPixelizerVerification.cs Line: 54)

The ShaderGraph Variant Limit is currently set to a value of 128. The ProPixelizer appearance shader will not compile unless this variant is raised, and your shaders will appear pink. Please increase this limit, e.g. to 256, by changing Preferences > ShaderGraph > Shader Variant Limit. Afterwards, reimport the ProPixelizer folder.
UnityEngine.StackTraceUtility:ExtractStackTrace ()
UnityEngine.DebugLogHandler:LogFormat (UnityEngine.LogType,UnityEngine.Object,string,object[])
UnityEngine.Logger:Log (UnityEngine.LogType,object)
UnityEngine.Debug:LogWarning (object)
ProPixelizer.ProPixelizerVerification:Check () (at Assets/ProPixelizer/Tools/Package/ProPixelizerVerification.cs:61)
PixelisationFeature:Create () (at Assets/ProPixelizer/SRP/PixelisationFeature.cs:40)
UnityEngine.Rendering.Universal.ScriptableRenderer:.ctor (UnityEngine.Rendering.Universal.ScriptableRendererData) (at Library/PackageCache/com.unity.render-pipelines.universal@12.1.6/Runtime/ScriptableRenderer.cs:540)
UnityEngine.Rendering.Universal.UniversalRenderer:.ctor (UnityEngine.Rendering.Universal.UniversalRendererData) (at Library/PackageCache/com.unity.render-pipelines.universal@12.1.6/Runtime/UniversalRenderer.cs:147)
UnityEngine.Rendering.Universal.UniversalRendererData:Create () (at Library/PackageCache/com.unity.render-pipelines.universal@12.1.6/Runtime/UniversalRendererData.cs:102)
UnityEngine.Rendering.Universal.ScriptableRendererData:InternalCreateRenderer () (at Library/PackageCache/com.unity.render-pipelines.universal@12.1.6/Runtime/ScriptableRendererData.cs:68)
UnityEngine.Rendering.Universal.UniversalRenderPipelineAsset:CreateRenderers () (at Library/PackageCache/com.unity.render-pipelines.universal@12.1.6/Runtime/Data/UniversalRenderPipelineAsset.cs:450)
UnityEngine.Rendering.Universal.UniversalRenderPipelineAsset:CreatePipeline () (at Library/PackageCache/com.unity.render-pipelines.universal@12.1.6/Runtime/Data/UniversalRenderPipelineAsset.cs:400)
UnityEngine.Rendering.RenderPipelineAsset:InternalCreatePipeline ()
UnityEngine.Rendering.RenderPipelineManager:PrepareRenderPipeline (UnityEngine.Rendering.RenderPipelineAsset)
UnityEngine.Rendering.RenderPipelineManager:DoRenderLoop_Internal (UnityEngine.Rendering.RenderPipelineAsset,intptr,System.Collections.Generic.List`1<UnityEngine.Camera/RenderRequest>,Unity.Collections.LowLevel.Unsafe.AtomicSafetyHandle)
UnityEditor.PreviewRenderUtility:Render (bool,bool)
UnityEditor.GameObjectInspector:DoRenderPreview ()
UnityEditor.GameObjectInspector:RenderStaticPreview (string,UnityEngine.Object[],int,int)
UnityEditor.AssetPreviewUpdater:CreatePreview (UnityEngine.Object,UnityEngine.Object[],string,int,int)
UnityEditor.AssetPreviewUpdater:CreatePreviewForAsset (UnityEngine.Object,UnityEngine.Object[],string)

(Filename: Assets/ProPixelizer/Tools/Package/ProPixelizerVerification.cs Line: 61)

 -> (artifact id: '021d736022e90122ba94f0ad88cabc5c') in 1.355178 seconds 
========================================================================
Received Import Request.
  Time since last request: 57.672084 seconds.
  path: Assets/ProPixelizer/ExampleAssets/ProPixelizerURP.asset
  artifactKey: Guid(b2ae3cbd26d32834a95c0a2cec2f7704) Importer(815301076,1909f56bfc062723c751e8b465ee728b)
Start importing Assets/ProPixelizer/ExampleAssets/ProPixelizerURP.asset using Guid(b2ae3cbd26d32834a95c0a2cec2f7704) Importer(815301076,1909f56bfc062723c751e8b465ee728b)  -> (artifact id: 'fc23e4d9690735ef4b1987da39c8254f') in 0.001668 seconds 
========================================================================
Received Prepare
Registering precompiled user dll's ...
Registered in 0.005901 seconds.
Begin MonoManager ReloadAssembly
Symbol file LoadedFromMemory doesn't match image D:\HammerLike\HammerLike\Library\PackageCache\com.unity.visualscripting@1.7.6\Editor\VisualScripting.Core\Dependencies\YamlDotNet\Unity.VisualScripting.YamlDotNet.dll
Symbol file LoadedFromMemory doesn't match image D:\HammerLike\HammerLike\Library\PackageCache\com.unity.visualscripting@1.7.6\Editor\VisualScripting.Core\Dependencies\DotNetZip\Unity.VisualScripting.IonicZip.dll
Native extension for WindowsStandalone target not found
Refreshing native plugins compatible for Editor in 0.93 ms, found 3 plugins.
Preloading 0 native plugins for Editor in 0.00 ms.
ProPixelizerRenderer is missing RendererFeatures
This could be due to missing scripts or compile error.
UnityEngine.StackTraceUtility:ExtractStackTrace ()
UnityEngine.DebugLogHandler:LogFormat (UnityEngine.LogType,UnityEngine.Object,string,object[])
UnityEngine.Logger:Log (UnityEngine.LogType,object,UnityEngine.Object)
UnityEngine.Debug:LogError (object,UnityEngine.Object)
UnityEngine.Rendering.Universal.ScriptableRendererData:ValidateRendererFeatures () (at Library/PackageCache/com.unity.render-pipelines.universal@12.1.6/Runtime/ScriptableRendererData.cs:181)
UnityEngine.Rendering.Universal.ScriptableRendererData:OnValidate () (at Library/PackageCache/com.unity.render-pipelines.universal@12.1.6/Runtime/ScriptableRendererData.cs:76)
UnityEngine.Rendering.Universal.UniversalRendererData:OnValidate () (at Library/PackageCache/com.unity.render-pipelines.universal@12.1.6/Runtime/UniversalRendererData.cs:242)

(Filename: Library/PackageCache/com.unity.render-pipelines.universal@12.1.6/Runtime/ScriptableRendererData.cs Line: 181)

Mono: successfully reloaded assembly
- Completed reload, in  0.903 seconds
Domain Reload Profiling:
	ReloadAssembly (904ms)
		BeginReloadAssembly (141ms)
			ExecutionOrderSort (0ms)
			DisableScriptedObjects (5ms)
			BackupInstance (0ms)
			ReleaseScriptingObjects (0ms)
			CreateAndSetChildDomain (43ms)
		EndReloadAssembly (684ms)
			LoadAssemblies (90ms)
			RebuildTransferFunctionScriptingTraits (0ms)
			SetupTypeCache (201ms)
			ReleaseScriptCaches (2ms)
			RebuildScriptCaches (30ms)
			SetupLoadedEditorAssemblies (315ms)
				LogAssemblyErrors (0ms)
				InitializePlatformSupportModulesInManaged (9ms)
				SetLoadedEditorAssemblies (0ms)
				RefreshPlugins (1ms)
				BeforeProcessingInitializeOnLoad (71ms)
				ProcessInitializeOnLoadAttributes (160ms)
				ProcessInitializeOnLoadMethodAttributes (61ms)
				AfterProcessingInitializeOnLoad (13ms)
				EditorAssembliesLoaded (0ms)
			ExecutionOrderSort2 (0ms)
			AwakeInstancesAfterBackupRestoration (18ms)
Platform modules already initialized, skipping
Switching render pipeline 00000000000000000000000000000000 -> b2ae3cbd26d32834a95c0a2cec2f7704
State comes from an incompatible keyword space
State comes from an incompatible keyword space
Refreshing native plugins compatible for Editor in 1.91 ms, found 3 plugins.
Preloading 0 native plugins for Editor in 0.00 ms.
Unloading 5404 Unused Serialized files (Serialized files now loaded: 0)
Unloading 48 unused Assets / (5.4 MB). Loaded Objects now: 6106.
Memory consumption went from 222.3 MB to 216.8 MB.
Total: 4.431900 ms (FindLiveObjects: 0.402000 ms CreateObjectMapping: 0.274500 ms MarkObjects: 2.617100 ms  DeleteObjects: 1.137500 ms)

AssetImportParameters requested are different than current active one (requested -> active):
  custom:video-decoder-ogg-theora: a1e56fd34408186e4bbccfd4996cb3dc -> 
  custom:container-muxer-webm: aa71ff27fc2769a1b78a27578f13a17b -> 
  custom:container-demuxer-webm: 4f35f7cbe854078d1ac9338744f61a02 -> 
  custom:video-encoder-webm-vp8: eb34c28f22e8b96e1ab97ce403110664 -> 
  custom:audio-encoder-webm-vorbis: bf7c407c2cedff20999df2af8eb42d56 -> 
  custom:framework-win-MediaFoundation: 216162199b28c13a410421893ffa2e32 -> 
  custom:container-demuxer-ogg: 62fdf1f143b41e24485cea50d1cbac27 -> 
  custom:video-decoder-webm-vp8: 9c59270c3fd7afecdb556c50c9e8de78 -> 
  custom:audio-decoder-ogg-vorbis: bf7c407c2cedff20999df2af8eb42d56 -> 
Editor requested this worker to shutdown with reason: Scaling down because of idle timeout
AssetImportWorker is now disconnected from the server
Process exiting
Exiting without the bug reporter. Application will terminate with return code 0