Using pre-set license
Built from '2021.3/staging' branch; Version is '2021.3.3f1 (af2e63e8f9bd) revision 11480675'; Using compiler version '192829333'; Build Type 'Release'
OS: 'Windows 10  (10.0.19045) 64bit Professional' Language: 'ko' Physical Memory: 130978 MB
BatchMode: 1, IsHumanControllingUs: 0, StartBugReporterOnCrash: 0, Is64bit: 1, IsPro: 1

COMMAND LINE ARGUMENTS:
C:\Program Files\Unity 2021.3.3f1\Editor\Unity.exe
-adb2
-batchMode
-noUpm
-name
AssetImportWorker2
-projectPath
D:/HammerLike/HammerLike
-logFile
Logs/AssetImportWorker2.log
-srvPort
49579
Successfully changed project path to: D:/HammerLike/HammerLike
D:/HammerLike/HammerLike
[UnityMemory] Configuration Parameters - Can be set up in boot.config
    "memorysetup-bucket-allocator-granularity=16"
    "memorysetup-bucket-allocator-bucket-count=8"
    "memorysetup-bucket-allocator-block-size=33554432"
    "memorysetup-bucket-allocator-block-count=8"
    "memorysetup-main-allocator-block-size=16777216"
    "memorysetup-thread-allocator-block-size=16777216"
    "memorysetup-gfx-main-allocator-block-size=16777216"
    "memorysetup-gfx-thread-allocator-block-size=16777216"
    "memorysetup-cache-allocator-block-size=4194304"
    "memorysetup-typetree-allocator-block-size=2097152"
    "memorysetup-profiler-bucket-allocator-granularity=16"
    "memorysetup-profiler-bucket-allocator-bucket-count=8"
    "memorysetup-profiler-bucket-allocator-block-size=33554432"
    "memorysetup-profiler-bucket-allocator-block-count=8"
    "memorysetup-profiler-allocator-block-size=16777216"
    "memorysetup-profiler-editor-allocator-block-size=1048576"
    "memorysetup-temp-allocator-size-main=16777216"
    "memorysetup-job-temp-allocator-block-size=2097152"
    "memorysetup-job-temp-allocator-block-size-background=1048576"
    "memorysetup-job-temp-allocator-reduction-small-platforms=262144"
    "memorysetup-temp-allocator-size-background-worker=32768"
    "memorysetup-temp-allocator-size-job-worker=262144"
    "memorysetup-temp-allocator-size-preload-manager=33554432"
    "memorysetup-temp-allocator-size-nav-mesh-worker=65536"
    "memorysetup-temp-allocator-size-audio-worker=65536"
    "memorysetup-temp-allocator-size-cloud-worker=32768"
    "memorysetup-temp-allocator-size-gi-baking-worker=262144"
    "memorysetup-temp-allocator-size-gfx=262144"
Refreshing native plugins compatible for Editor in 84.92 ms, found 3 plugins.
Preloading 0 native plugins for Editor in 0.00 ms.
Initialize engine version: 2021.3.3f1 (af2e63e8f9bd)
[Subsystems] Discovering subsystems at path C:/Program Files/Unity 2021.3.3f1/Editor/Data/Resources/UnitySubsystems
[Subsystems] Discovering subsystems at path D:/HammerLike/HammerLike/Assets
GfxDevice: creating device client; threaded=0; jobified=0
Direct3D:
    Version:  Direct3D 11.0 [level 11.1]
    Renderer: NVIDIA GeForce RTX 3060 (ID=0x2503)
    Vendor:   NVIDIA
    VRAM:     12129 MB
    Driver:   31.0.15.3623
Initialize mono
Mono path[0] = 'C:/Program Files/Unity 2021.3.3f1/Editor/Data/Managed'
Mono path[1] = 'C:/Program Files/Unity 2021.3.3f1/Editor/Data/MonoBleedingEdge/lib/mono/unityjit-win32'
Mono config path = 'C:/Program Files/Unity 2021.3.3f1/Editor/Data/MonoBleedingEdge/etc'
Using monoOptions --debugger-agent=transport=dt_socket,embedding=1,server=y,suspend=n,address=127.0.0.1:56104
Begin MonoManager ReloadAssembly
Registering precompiled unity dll's ...
Register platform support module: C:/Program Files/Unity 2021.3.3f1/Editor/Data/PlaybackEngines/WindowsStandaloneSupport/UnityEditor.WindowsStandalone.Extensions.dll
Registered in 0.004613 seconds.
Native extension for WindowsStandalone target not found
Refreshing native plugins compatible for Editor in 86.53 ms, found 3 plugins.
Preloading 0 native plugins for Editor in 0.00 ms.
Mono: successfully reloaded assembly
- Completed reload, in  0.514 seconds
Domain Reload Profiling:
	ReloadAssembly (514ms)
		BeginReloadAssembly (66ms)
			ExecutionOrderSort (0ms)
			DisableScriptedObjects (0ms)
			BackupInstance (0ms)
			ReleaseScriptingObjects (0ms)
			CreateAndSetChildDomain (1ms)
		EndReloadAssembly (360ms)
			LoadAssemblies (62ms)
			RebuildTransferFunctionScriptingTraits (0ms)
			SetupTypeCache (74ms)
			ReleaseScriptCaches (0ms)
			RebuildScriptCaches (19ms)
			SetupLoadedEditorAssemblies (224ms)
				LogAssemblyErrors (0ms)
				InitializePlatformSupportModulesInManaged (6ms)
				SetLoadedEditorAssemblies (0ms)
				RefreshPlugins (87ms)
				BeforeProcessingInitializeOnLoad (1ms)
				ProcessInitializeOnLoadAttributes (92ms)
				ProcessInitializeOnLoadMethodAttributes (38ms)
				AfterProcessingInitializeOnLoad (0ms)
				EditorAssembliesLoaded (0ms)
			ExecutionOrderSort2 (0ms)
			AwakeInstancesAfterBackupRestoration (0ms)
Platform modules already initialized, skipping
Registering precompiled user dll's ...
Registered in 0.005624 seconds.
Begin MonoManager ReloadAssembly
Symbol file LoadedFromMemory doesn't match image D:\HammerLike\HammerLike\Library\PackageCache\com.unity.visualscripting@1.7.6\Editor\VisualScripting.Core\Dependencies\YamlDotNet\Unity.VisualScripting.YamlDotNet.dll
Symbol file LoadedFromMemory doesn't match image D:\HammerLike\HammerLike\Library\PackageCache\com.unity.visualscripting@1.7.6\Editor\VisualScripting.Core\Dependencies\DotNetZip\Unity.VisualScripting.IonicZip.dll
Native extension for WindowsStandalone target not found
Refreshing native plugins compatible for Editor in 81.37 ms, found 3 plugins.
Preloading 0 native plugins for Editor in 0.00 ms.
Mono: successfully reloaded assembly
- Completed reload, in  0.982 seconds
Domain Reload Profiling:
	ReloadAssembly (983ms)
		BeginReloadAssembly (96ms)
			ExecutionOrderSort (0ms)
			DisableScriptedObjects (4ms)
			BackupInstance (0ms)
			ReleaseScriptingObjects (0ms)
			CreateAndSetChildDomain (17ms)
		EndReloadAssembly (796ms)
			LoadAssemblies (78ms)
			RebuildTransferFunctionScriptingTraits (0ms)
			SetupTypeCache (215ms)
			ReleaseScriptCaches (1ms)
			RebuildScriptCaches (43ms)
			SetupLoadedEditorAssemblies (435ms)
				LogAssemblyErrors (0ms)
				InitializePlatformSupportModulesInManaged (3ms)
				SetLoadedEditorAssemblies (0ms)
				RefreshPlugins (81ms)
				BeforeProcessingInitializeOnLoad (93ms)
				ProcessInitializeOnLoadAttributes (185ms)
				ProcessInitializeOnLoadMethodAttributes (62ms)
				AfterProcessingInitializeOnLoad (10ms)
				EditorAssembliesLoaded (0ms)
			ExecutionOrderSort2 (0ms)
			AwakeInstancesAfterBackupRestoration (8ms)
Platform modules already initialized, skipping
========================================================================
Worker process is ready to serve import requests
Switching render pipeline 00000000000000000000000000000000 -> b2ae3cbd26d32834a95c0a2cec2f7704
State comes from an incompatible keyword space
State comes from an incompatible keyword space
You have not currently set the render pipeline asset in the 'Quality' project settings. ProPixelizer requires a Universal Render Pipeline Asset.
UnityEngine.StackTraceUtility:ExtractStackTrace ()
UnityEngine.DebugLogHandler:LogFormat (UnityEngine.LogType,UnityEngine.Object,string,object[])
UnityEngine.Logger:Log (UnityEngine.LogType,object)
UnityEngine.Debug:LogError (object)
ProPixelizer.ProPixelizerVerification:Check () (at Assets/ProPixelizer/Tools/Package/ProPixelizerVerification.cs:44)
PixelisationFeature:Create () (at Assets/ProPixelizer/SRP/PixelisationFeature.cs:40)
UnityEngine.Rendering.Universal.ScriptableRendererFeature:OnValidate () (at Library/PackageCache/com.unity.render-pipelines.universal@12.1.6/Runtime/ScriptableRendererFeature.cs:46)

(Filename: Assets/ProPixelizer/Tools/Package/ProPixelizerVerification.cs Line: 44)

You are currently using different render pipeline assets for the graphics settings (Project Settings > Graphics) and quality settings (Project Settings > Quality). This may lead to unintended behavior for ProPixelizer.
UnityEngine.StackTraceUtility:ExtractStackTrace ()
UnityEngine.DebugLogHandler:LogFormat (UnityEngine.LogType,UnityEngine.Object,string,object[])
UnityEngine.Logger:Log (UnityEngine.LogType,object)
UnityEngine.Debug:LogWarning (object)
ProPixelizer.ProPixelizerVerification:Check () (at Assets/ProPixelizer/Tools/Package/ProPixelizerVerification.cs:54)
PixelisationFeature:Create () (at Assets/ProPixelizer/SRP/PixelisationFeature.cs:40)
UnityEngine.Rendering.Universal.ScriptableRendererFeature:OnValidate () (at Library/PackageCache/com.unity.render-pipelines.universal@12.1.6/Runtime/ScriptableRendererFeature.cs:46)

(Filename: Assets/ProPixelizer/Tools/Package/ProPixelizerVerification.cs Line: 54)

The ShaderGraph Variant Limit is currently set to a value of 128. The ProPixelizer appearance shader will not compile unless this variant is raised, and your shaders will appear pink. Please increase this limit, e.g. to 256, by changing Preferences > ShaderGraph > Shader Variant Limit. Afterwards, reimport the ProPixelizer folder.
UnityEngine.StackTraceUtility:ExtractStackTrace ()
UnityEngine.DebugLogHandler:LogFormat (UnityEngine.LogType,UnityEngine.Object,string,object[])
UnityEngine.Logger:Log (UnityEngine.LogType,object)
UnityEngine.Debug:LogWarning (object)
ProPixelizer.ProPixelizerVerification:Check () (at Assets/ProPixelizer/Tools/Package/ProPixelizerVerification.cs:61)
PixelisationFeature:Create () (at Assets/ProPixelizer/SRP/PixelisationFeature.cs:40)
UnityEngine.Rendering.Universal.ScriptableRendererFeature:OnValidate () (at Library/PackageCache/com.unity.render-pipelines.universal@12.1.6/Runtime/ScriptableRendererFeature.cs:46)

(Filename: Assets/ProPixelizer/Tools/Package/ProPixelizerVerification.cs Line: 61)

You have not currently set the render pipeline asset in the 'Quality' project settings. ProPixelizer requires a Universal Render Pipeline Asset.
UnityEngine.StackTraceUtility:ExtractStackTrace ()
UnityEngine.DebugLogHandler:LogFormat (UnityEngine.LogType,UnityEngine.Object,string,object[])
UnityEngine.Logger:Log (UnityEngine.LogType,object)
UnityEngine.Debug:LogError (object)
ProPixelizer.ProPixelizerVerification:Check () (at Assets/ProPixelizer/Tools/Package/ProPixelizerVerification.cs:44)
PixelisationFeature:Create () (at Assets/ProPixelizer/SRP/PixelisationFeature.cs:40)
UnityEngine.Rendering.Universal.ScriptableRendererFeature:OnEnable () (at Library/PackageCache/com.unity.render-pipelines.universal@12.1.6/Runtime/ScriptableRendererFeature.cs:41)

(Filename: Assets/ProPixelizer/Tools/Package/ProPixelizerVerification.cs Line: 44)

You are currently using different render pipeline assets for the graphics settings (Project Settings > Graphics) and quality settings (Project Settings > Quality). This may lead to unintended behavior for ProPixelizer.
UnityEngine.StackTraceUtility:ExtractStackTrace ()
UnityEngine.DebugLogHandler:LogFormat (UnityEngine.LogType,UnityEngine.Object,string,object[])
UnityEngine.Logger:Log (UnityEngine.LogType,object)
UnityEngine.Debug:LogWarning (object)
ProPixelizer.ProPixelizerVerification:Check () (at Assets/ProPixelizer/Tools/Package/ProPixelizerVerification.cs:54)
PixelisationFeature:Create () (at Assets/ProPixelizer/SRP/PixelisationFeature.cs:40)
UnityEngine.Rendering.Universal.ScriptableRendererFeature:OnEnable () (at Library/PackageCache/com.unity.render-pipelines.universal@12.1.6/Runtime/ScriptableRendererFeature.cs:41)

(Filename: Assets/ProPixelizer/Tools/Package/ProPixelizerVerification.cs Line: 54)

The ShaderGraph Variant Limit is currently set to a value of 128. The ProPixelizer appearance shader will not compile unless this variant is raised, and your shaders will appear pink. Please increase this limit, e.g. to 256, by changing Preferences > ShaderGraph > Shader Variant Limit. Afterwards, reimport the ProPixelizer folder.
UnityEngine.StackTraceUtility:ExtractStackTrace ()
UnityEngine.DebugLogHandler:LogFormat (UnityEngine.LogType,UnityEngine.Object,string,object[])
UnityEngine.Logger:Log (UnityEngine.LogType,object)
UnityEngine.Debug:LogWarning (object)
ProPixelizer.ProPixelizerVerification:Check () (at Assets/ProPixelizer/Tools/Package/ProPixelizerVerification.cs:61)
PixelisationFeature:Create () (at Assets/ProPixelizer/SRP/PixelisationFeature.cs:40)
UnityEngine.Rendering.Universal.ScriptableRendererFeature:OnEnable () (at Library/PackageCache/com.unity.render-pipelines.universal@12.1.6/Runtime/ScriptableRendererFeature.cs:41)

(Filename: Assets/ProPixelizer/Tools/Package/ProPixelizerVerification.cs Line: 61)

Launched and connected shader compiler UnityShaderCompiler.exe after 0.04 seconds
Refreshing native plugins compatible for Editor in 0.94 ms, found 3 plugins.
Preloading 0 native plugins for Editor in 0.00 ms.
Unloading 5560 Unused Serialized files (Serialized files now loaded: 0)
Unloading 53 unused Assets / (5.5 MB). Loaded Objects now: 5993.
Memory consumption went from 227.0 MB to 221.5 MB.
Total: 3.992600 ms (FindLiveObjects: 0.401500 ms CreateObjectMapping: 0.153000 ms MarkObjects: 2.628400 ms  DeleteObjects: 0.809100 ms)

AssetImportParameters requested are different than current active one (requested -> active):
  custom:video-decoder-ogg-theora: a1e56fd34408186e4bbccfd4996cb3dc -> 
  custom:container-muxer-webm: aa71ff27fc2769a1b78a27578f13a17b -> 
  custom:container-demuxer-webm: 4f35f7cbe854078d1ac9338744f61a02 -> 
  custom:video-encoder-webm-vp8: eb34c28f22e8b96e1ab97ce403110664 -> 
  custom:audio-encoder-webm-vorbis: bf7c407c2cedff20999df2af8eb42d56 -> 
  custom:framework-win-MediaFoundation: 216162199b28c13a410421893ffa2e32 -> 
  custom:container-demuxer-ogg: 62fdf1f143b41e24485cea50d1cbac27 -> 
  custom:video-decoder-webm-vp8: 9c59270c3fd7afecdb556c50c9e8de78 -> 
  custom:audio-decoder-ogg-vorbis: bf7c407c2cedff20999df2af8eb42d56 -> 
========================================================================
Received Import Request.
  Time since last request: 861330.010460 seconds.
  path: Assets/ProPixelizer/ExampleAssets/ProPixelizerRenderer.asset
  artifactKey: Guid(aad8fefc8ed0617439ef671eab3790a8) Importer(815301076,1909f56bfc062723c751e8b465ee728b)
Start importing Assets/ProPixelizer/ExampleAssets/ProPixelizerRenderer.asset using Guid(aad8fefc8ed0617439ef671eab3790a8) Importer(815301076,1909f56bfc062723c751e8b465ee728b) You have not currently set the render pipeline asset in the 'Quality' project settings. ProPixelizer requires a Universal Render Pipeline Asset.
UnityEngine.StackTraceUtility:ExtractStackTrace ()
UnityEngine.DebugLogHandler:LogFormat (UnityEngine.LogType,UnityEngine.Object,string,object[])
UnityEngine.Logger:Log (UnityEngine.LogType,object)
UnityEngine.Debug:LogError (object)
ProPixelizer.ProPixelizerVerification:Check () (at Assets/ProPixelizer/Tools/Package/ProPixelizerVerification.cs:44)
PixelisationFeature:Create () (at Assets/ProPixelizer/SRP/PixelisationFeature.cs:40)
UnityEngine.Rendering.Universal.ScriptableRendererFeature:OnValidate () (at Library/PackageCache/com.unity.render-pipelines.universal@12.1.6/Runtime/ScriptableRendererFeature.cs:46)

(Filename: Assets/ProPixelizer/Tools/Package/ProPixelizerVerification.cs Line: 44)

You are currently using different render pipeline assets for the graphics settings (Project Settings > Graphics) and quality settings (Project Settings > Quality). This may lead to unintended behavior for ProPixelizer.
UnityEngine.StackTraceUtility:ExtractStackTrace ()
UnityEngine.DebugLogHandler:LogFormat (UnityEngine.LogType,UnityEngine.Object,string,object[])
UnityEngine.Logger:Log (UnityEngine.LogType,object)
UnityEngine.Debug:LogWarning (object)
ProPixelizer.ProPixelizerVerification:Check () (at Assets/ProPixelizer/Tools/Package/ProPixelizerVerification.cs:54)
PixelisationFeature:Create () (at Assets/ProPixelizer/SRP/PixelisationFeature.cs:40)
UnityEngine.Rendering.Universal.ScriptableRendererFeature:OnValidate () (at Library/PackageCache/com.unity.render-pipelines.universal@12.1.6/Runtime/ScriptableRendererFeature.cs:46)

(Filename: Assets/ProPixelizer/Tools/Package/ProPixelizerVerification.cs Line: 54)

The ShaderGraph Variant Limit is currently set to a value of 128. The ProPixelizer appearance shader will not compile unless this variant is raised, and your shaders will appear pink. Please increase this limit, e.g. to 256, by changing Preferences > ShaderGraph > Shader Variant Limit. Afterwards, reimport the ProPixelizer folder.
UnityEngine.StackTraceUtility:ExtractStackTrace ()
UnityEngine.DebugLogHandler:LogFormat (UnityEngine.LogType,UnityEngine.Object,string,object[])
UnityEngine.Logger:Log (UnityEngine.LogType,object)
UnityEngine.Debug:LogWarning (object)
ProPixelizer.ProPixelizerVerification:Check () (at Assets/ProPixelizer/Tools/Package/ProPixelizerVerification.cs:61)
PixelisationFeature:Create () (at Assets/ProPixelizer/SRP/PixelisationFeature.cs:40)
UnityEngine.Rendering.Universal.ScriptableRendererFeature:OnValidate () (at Library/PackageCache/com.unity.render-pipelines.universal@12.1.6/Runtime/ScriptableRendererFeature.cs:46)

(Filename: Assets/ProPixelizer/Tools/Package/ProPixelizerVerification.cs Line: 61)

You have not currently set the render pipeline asset in the 'Quality' project settings. ProPixelizer requires a Universal Render Pipeline Asset.
UnityEngine.StackTraceUtility:ExtractStackTrace ()
UnityEngine.DebugLogHandler:LogFormat (UnityEngine.LogType,UnityEngine.Object,string,object[])
UnityEngine.Logger:Log (UnityEngine.LogType,object)
UnityEngine.Debug:LogError (object)
ProPixelizer.ProPixelizerVerification:Check () (at Assets/ProPixelizer/Tools/Package/ProPixelizerVerification.cs:44)
PixelisationFeature:Create () (at Assets/ProPixelizer/SRP/PixelisationFeature.cs:40)
UnityEngine.Rendering.Universal.ScriptableRendererFeature:OnEnable () (at Library/PackageCache/com.unity.render-pipelines.universal@12.1.6/Runtime/ScriptableRendererFeature.cs:41)

(Filename: Assets/ProPixelizer/Tools/Package/ProPixelizerVerification.cs Line: 44)

You are currently using different render pipeline assets for the graphics settings (Project Settings > Graphics) and quality settings (Project Settings > Quality). This may lead to unintended behavior for ProPixelizer.
UnityEngine.StackTraceUtility:ExtractStackTrace ()
UnityEngine.DebugLogHandler:LogFormat (UnityEngine.LogType,UnityEngine.Object,string,object[])
UnityEngine.Logger:Log (UnityEngine.LogType,object)
UnityEngine.Debug:LogWarning (object)
ProPixelizer.ProPixelizerVerification:Check () (at Assets/ProPixelizer/Tools/Package/ProPixelizerVerification.cs:54)
PixelisationFeature:Create () (at Assets/ProPixelizer/SRP/PixelisationFeature.cs:40)
UnityEngine.Rendering.Universal.ScriptableRendererFeature:OnEnable () (at Library/PackageCache/com.unity.render-pipelines.universal@12.1.6/Runtime/ScriptableRendererFeature.cs:41)

(Filename: Assets/ProPixelizer/Tools/Package/ProPixelizerVerification.cs Line: 54)

The ShaderGraph Variant Limit is currently set to a value of 128. The ProPixelizer appearance shader will not compile unless this variant is raised, and your shaders will appear pink. Please increase this limit, e.g. to 256, by changing Preferences > ShaderGraph > Shader Variant Limit. Afterwards, reimport the ProPixelizer folder.
UnityEngine.StackTraceUtility:ExtractStackTrace ()
UnityEngine.DebugLogHandler:LogFormat (UnityEngine.LogType,UnityEngine.Object,string,object[])
UnityEngine.Logger:Log (UnityEngine.LogType,object)
UnityEngine.Debug:LogWarning (object)
ProPixelizer.ProPixelizerVerification:Check () (at Assets/ProPixelizer/Tools/Package/ProPixelizerVerification.cs:61)
PixelisationFeature:Create () (at Assets/ProPixelizer/SRP/PixelisationFeature.cs:40)
UnityEngine.Rendering.Universal.ScriptableRendererFeature:OnEnable () (at Library/PackageCache/com.unity.render-pipelines.universal@12.1.6/Runtime/ScriptableRendererFeature.cs:41)

(Filename: Assets/ProPixelizer/Tools/Package/ProPixelizerVerification.cs Line: 61)

 -> (artifact id: 'd545e2827ca556cc064ed17450188734') in 0.044364 seconds 
========================================================================
Received Import Request.
  Time since last request: 5.348330 seconds.
  path: Assets/ProPixelizer/ExampleAssets/PixelisedSpherePlusOutline.mat
  artifactKey: Guid(6a636f10c3514fc4192b46fae54e053a) Importer(815301076,1909f56bfc062723c751e8b465ee728b)
Start importing Assets/ProPixelizer/ExampleAssets/PixelisedSpherePlusOutline.mat using Guid(6a636f10c3514fc4192b46fae54e053a) Importer(815301076,1909f56bfc062723c751e8b465ee728b) You have not currently set the render pipeline asset in the 'Quality' project settings. ProPixelizer requires a Universal Render Pipeline Asset.
UnityEngine.StackTraceUtility:ExtractStackTrace ()
UnityEngine.DebugLogHandler:LogFormat (UnityEngine.LogType,UnityEngine.Object,string,object[])
UnityEngine.Logger:Log (UnityEngine.LogType,object)
UnityEngine.Debug:LogError (object)
ProPixelizer.ProPixelizerVerification:Check () (at Assets/ProPixelizer/Tools/Package/ProPixelizerVerification.cs:44)
PixelisationFeature:Create () (at Assets/ProPixelizer/SRP/PixelisationFeature.cs:40)
UnityEngine.Rendering.Universal.ScriptableRenderer:.ctor (UnityEngine.Rendering.Universal.ScriptableRendererData) (at Library/PackageCache/com.unity.render-pipelines.universal@12.1.6/Runtime/ScriptableRenderer.cs:540)
UnityEngine.Rendering.Universal.UniversalRenderer:.ctor (UnityEngine.Rendering.Universal.UniversalRendererData) (at Library/PackageCache/com.unity.render-pipelines.universal@12.1.6/Runtime/UniversalRenderer.cs:147)
UnityEngine.Rendering.Universal.UniversalRendererData:Create () (at Library/PackageCache/com.unity.render-pipelines.universal@12.1.6/Runtime/UniversalRendererData.cs:102)
UnityEngine.Rendering.Universal.ScriptableRendererData:InternalCreateRenderer () (at Library/PackageCache/com.unity.render-pipelines.universal@12.1.6/Runtime/ScriptableRendererData.cs:68)
UnityEngine.Rendering.Universal.UniversalRenderPipelineAsset:CreateRenderers () (at Library/PackageCache/com.unity.render-pipelines.universal@12.1.6/Runtime/Data/UniversalRenderPipelineAsset.cs:450)
UnityEngine.Rendering.Universal.UniversalRenderPipelineAsset:CreatePipeline () (at Library/PackageCache/com.unity.render-pipelines.universal@12.1.6/Runtime/Data/UniversalRenderPipelineAsset.cs:400)
UnityEngine.Rendering.RenderPipelineAsset:InternalCreatePipeline ()
UnityEngine.Rendering.RenderPipelineManager:PrepareRenderPipeline (UnityEngine.Rendering.RenderPipelineAsset)
UnityEngine.Rendering.RenderPipelineManager:DoRenderLoop_Internal (UnityEngine.Rendering.RenderPipelineAsset,intptr,System.Collections.Generic.List`1<UnityEngine.Camera/RenderRequest>,Unity.Collections.LowLevel.Unsafe.AtomicSafetyHandle)
UnityEditor.PreviewRenderUtility:Render (bool,bool)
UnityEditor.MaterialEditor:DoRenderPreview (UnityEditor.PreviewRenderUtility,bool)
UnityEditor.MaterialEditor:RenderStaticPreview (string,UnityEngine.Object[],int,int)
UnityEditor.AssetPreviewUpdater:CreatePreview (UnityEngine.Object,UnityEngine.Object[],string,int,int)
UnityEditor.AssetPreviewUpdater:CreatePreviewForAsset (UnityEngine.Object,UnityEngine.Object[],string)

(Filename: Assets/ProPixelizer/Tools/Package/ProPixelizerVerification.cs Line: 44)

You are currently using different render pipeline assets for the graphics settings (Project Settings > Graphics) and quality settings (Project Settings > Quality). This may lead to unintended behavior for ProPixelizer.
UnityEngine.StackTraceUtility:ExtractStackTrace ()
UnityEngine.DebugLogHandler:LogFormat (UnityEngine.LogType,UnityEngine.Object,string,object[])
UnityEngine.Logger:Log (UnityEngine.LogType,object)
UnityEngine.Debug:LogWarning (object)
ProPixelizer.ProPixelizerVerification:Check () (at Assets/ProPixelizer/Tools/Package/ProPixelizerVerification.cs:54)
PixelisationFeature:Create () (at Assets/ProPixelizer/SRP/PixelisationFeature.cs:40)
UnityEngine.Rendering.Universal.ScriptableRenderer:.ctor (UnityEngine.Rendering.Universal.ScriptableRendererData) (at Library/PackageCache/com.unity.render-pipelines.universal@12.1.6/Runtime/ScriptableRenderer.cs:540)
UnityEngine.Rendering.Universal.UniversalRenderer:.ctor (UnityEngine.Rendering.Universal.UniversalRendererData) (at Library/PackageCache/com.unity.render-pipelines.universal@12.1.6/Runtime/UniversalRenderer.cs:147)
UnityEngine.Rendering.Universal.UniversalRendererData:Create () (at Library/PackageCache/com.unity.render-pipelines.universal@12.1.6/Runtime/UniversalRendererData.cs:102)
UnityEngine.Rendering.Universal.ScriptableRendererData:InternalCreateRenderer () (at Library/PackageCache/com.unity.render-pipelines.universal@12.1.6/Runtime/ScriptableRendererData.cs:68)
UnityEngine.Rendering.Universal.UniversalRenderPipelineAsset:CreateRenderers () (at Library/PackageCache/com.unity.render-pipelines.universal@12.1.6/Runtime/Data/UniversalRenderPipelineAsset.cs:450)
UnityEngine.Rendering.Universal.UniversalRenderPipelineAsset:CreatePipeline () (at Library/PackageCache/com.unity.render-pipelines.universal@12.1.6/Runtime/Data/UniversalRenderPipelineAsset.cs:400)
UnityEngine.Rendering.RenderPipelineAsset:InternalCreatePipeline ()
UnityEngine.Rendering.RenderPipelineManager:PrepareRenderPipeline (UnityEngine.Rendering.RenderPipelineAsset)
UnityEngine.Rendering.RenderPipelineManager:DoRenderLoop_Internal (UnityEngine.Rendering.RenderPipelineAsset,intptr,System.Collections.Generic.List`1<UnityEngine.Camera/RenderRequest>,Unity.Collections.LowLevel.Unsafe.AtomicSafetyHandle)
UnityEditor.PreviewRenderUtility:Render (bool,bool)
UnityEditor.MaterialEditor:DoRenderPreview (UnityEditor.PreviewRenderUtility,bool)
UnityEditor.MaterialEditor:RenderStaticPreview (string,UnityEngine.Object[],int,int)
UnityEditor.AssetPreviewUpdater:CreatePreview (UnityEngine.Object,UnityEngine.Object[],string,int,int)
UnityEditor.AssetPreviewUpdater:CreatePreviewForAsset (UnityEngine.Object,UnityEngine.Object[],string)

(Filename: Assets/ProPixelizer/Tools/Package/ProPixelizerVerification.cs Line: 54)

The ShaderGraph Variant Limit is currently set to a value of 128. The ProPixelizer appearance shader will not compile unless this variant is raised, and your shaders will appear pink. Please increase this limit, e.g. to 256, by changing Preferences > ShaderGraph > Shader Variant Limit. Afterwards, reimport the ProPixelizer folder.
UnityEngine.StackTraceUtility:ExtractStackTrace ()
UnityEngine.DebugLogHandler:LogFormat (UnityEngine.LogType,UnityEngine.Object,string,object[])
UnityEngine.Logger:Log (UnityEngine.LogType,object)
UnityEngine.Debug:LogWarning (object)
ProPixelizer.ProPixelizerVerification:Check () (at Assets/ProPixelizer/Tools/Package/ProPixelizerVerification.cs:61)
PixelisationFeature:Create () (at Assets/ProPixelizer/SRP/PixelisationFeature.cs:40)
UnityEngine.Rendering.Universal.ScriptableRenderer:.ctor (UnityEngine.Rendering.Universal.ScriptableRendererData) (at Library/PackageCache/com.unity.render-pipelines.universal@12.1.6/Runtime/ScriptableRenderer.cs:540)
UnityEngine.Rendering.Universal.UniversalRenderer:.ctor (UnityEngine.Rendering.Universal.UniversalRendererData) (at Library/PackageCache/com.unity.render-pipelines.universal@12.1.6/Runtime/UniversalRenderer.cs:147)
UnityEngine.Rendering.Universal.UniversalRendererData:Create () (at Library/PackageCache/com.unity.render-pipelines.universal@12.1.6/Runtime/UniversalRendererData.cs:102)
UnityEngine.Rendering.Universal.ScriptableRendererData:InternalCreateRenderer () (at Library/PackageCache/com.unity.render-pipelines.universal@12.1.6/Runtime/ScriptableRendererData.cs:68)
UnityEngine.Rendering.Universal.UniversalRenderPipelineAsset:CreateRenderers () (at Library/PackageCache/com.unity.render-pipelines.universal@12.1.6/Runtime/Data/UniversalRenderPipelineAsset.cs:450)
UnityEngine.Rendering.Universal.UniversalRenderPipelineAsset:CreatePipeline () (at Library/PackageCache/com.unity.render-pipelines.universal@12.1.6/Runtime/Data/UniversalRenderPipelineAsset.cs:400)
UnityEngine.Rendering.RenderPipelineAsset:InternalCreatePipeline ()
UnityEngine.Rendering.RenderPipelineManager:PrepareRenderPipeline (UnityEngine.Rendering.RenderPipelineAsset)
UnityEngine.Rendering.RenderPipelineManager:DoRenderLoop_Internal (UnityEngine.Rendering.RenderPipelineAsset,intptr,System.Collections.Generic.List`1<UnityEngine.Camera/RenderRequest>,Unity.Collections.LowLevel.Unsafe.AtomicSafetyHandle)
UnityEditor.PreviewRenderUtility:Render (bool,bool)
UnityEditor.MaterialEditor:DoRenderPreview (UnityEditor.PreviewRenderUtility,bool)
UnityEditor.MaterialEditor:RenderStaticPreview (string,UnityEngine.Object[],int,int)
UnityEditor.AssetPreviewUpdater:CreatePreview (UnityEngine.Object,UnityEngine.Object[],string,int,int)
UnityEditor.AssetPreviewUpdater:CreatePreviewForAsset (UnityEngine.Object,UnityEngine.Object[],string)

(Filename: Assets/ProPixelizer/Tools/Package/ProPixelizerVerification.cs Line: 61)

 -> (artifact id: '053b61bbe3687f9327a3318427904f7c') in 1.783421 seconds 
========================================================================
Received Prepare
Registering precompiled user dll's ...
Registered in 0.005760 seconds.
Begin MonoManager ReloadAssembly
Symbol file LoadedFromMemory doesn't match image D:\HammerLike\HammerLike\Library\PackageCache\com.unity.visualscripting@1.7.6\Editor\VisualScripting.Core\Dependencies\YamlDotNet\Unity.VisualScripting.YamlDotNet.dll
Symbol file LoadedFromMemory doesn't match image D:\HammerLike\HammerLike\Library\PackageCache\com.unity.visualscripting@1.7.6\Editor\VisualScripting.Core\Dependencies\DotNetZip\Unity.VisualScripting.IonicZip.dll
Native extension for WindowsStandalone target not found
Refreshing native plugins compatible for Editor in 0.79 ms, found 3 plugins.
Preloading 0 native plugins for Editor in 0.00 ms.
ProPixelizerRenderer is missing RendererFeatures
This could be due to missing scripts or compile error.
UnityEngine.StackTraceUtility:ExtractStackTrace ()
UnityEngine.DebugLogHandler:LogFormat (UnityEngine.LogType,UnityEngine.Object,string,object[])
UnityEngine.Logger:Log (UnityEngine.LogType,object,UnityEngine.Object)
UnityEngine.Debug:LogError (object,UnityEngine.Object)
UnityEngine.Rendering.Universal.ScriptableRendererData:ValidateRendererFeatures () (at Library/PackageCache/com.unity.render-pipelines.universal@12.1.6/Runtime/ScriptableRendererData.cs:181)
UnityEngine.Rendering.Universal.ScriptableRendererData:OnValidate () (at Library/PackageCache/com.unity.render-pipelines.universal@12.1.6/Runtime/ScriptableRendererData.cs:76)
UnityEngine.Rendering.Universal.UniversalRendererData:OnValidate () (at Library/PackageCache/com.unity.render-pipelines.universal@12.1.6/Runtime/UniversalRendererData.cs:242)

(Filename: Library/PackageCache/com.unity.render-pipelines.universal@12.1.6/Runtime/ScriptableRendererData.cs Line: 181)

Mono: successfully reloaded assembly
- Completed reload, in  0.904 seconds
Domain Reload Profiling:
	ReloadAssembly (904ms)
		BeginReloadAssembly (146ms)
			ExecutionOrderSort (0ms)
			DisableScriptedObjects (5ms)
			BackupInstance (0ms)
			ReleaseScriptingObjects (0ms)
			CreateAndSetChildDomain (45ms)
		EndReloadAssembly (682ms)
			LoadAssemblies (87ms)
			RebuildTransferFunctionScriptingTraits (0ms)
			SetupTypeCache (207ms)
			ReleaseScriptCaches (2ms)
			RebuildScriptCaches (30ms)
			SetupLoadedEditorAssemblies (312ms)
				LogAssemblyErrors (0ms)
				InitializePlatformSupportModulesInManaged (10ms)
				SetLoadedEditorAssemblies (0ms)
				RefreshPlugins (1ms)
				BeforeProcessingInitializeOnLoad (67ms)
				ProcessInitializeOnLoadAttributes (159ms)
				ProcessInitializeOnLoadMethodAttributes (62ms)
				AfterProcessingInitializeOnLoad (12ms)
				EditorAssembliesLoaded (0ms)
			ExecutionOrderSort2 (0ms)
			AwakeInstancesAfterBackupRestoration (19ms)
Platform modules already initialized, skipping
Switching render pipeline 00000000000000000000000000000000 -> b2ae3cbd26d32834a95c0a2cec2f7704
State comes from an incompatible keyword space
State comes from an incompatible keyword space
Refreshing native plugins compatible for Editor in 2.25 ms, found 3 plugins.
Preloading 0 native plugins for Editor in 0.00 ms.
Unloading 5401 Unused Serialized files (Serialized files now loaded: 0)
Unloading 45 unused Assets / (2.4 MB). Loaded Objects now: 6096.
Memory consumption went from 222.1 MB to 219.7 MB.
Total: 4.149000 ms (FindLiveObjects: 0.417600 ms CreateObjectMapping: 0.299100 ms MarkObjects: 2.774300 ms  DeleteObjects: 0.656900 ms)

AssetImportParameters requested are different than current active one (requested -> active):
  custom:video-decoder-ogg-theora: a1e56fd34408186e4bbccfd4996cb3dc -> 
  custom:container-muxer-webm: aa71ff27fc2769a1b78a27578f13a17b -> 
  custom:container-demuxer-webm: 4f35f7cbe854078d1ac9338744f61a02 -> 
  custom:video-encoder-webm-vp8: eb34c28f22e8b96e1ab97ce403110664 -> 
  custom:audio-encoder-webm-vorbis: bf7c407c2cedff20999df2af8eb42d56 -> 
  custom:framework-win-MediaFoundation: 216162199b28c13a410421893ffa2e32 -> 
  custom:container-demuxer-ogg: 62fdf1f143b41e24485cea50d1cbac27 -> 
  custom:video-decoder-webm-vp8: 9c59270c3fd7afecdb556c50c9e8de78 -> 
  custom:audio-decoder-ogg-vorbis: bf7c407c2cedff20999df2af8eb42d56 -> 
========================================================================
Received Prepare
Switching render pipeline 00000000000000000000000000000000 -> b2ae3cbd26d32834a95c0a2cec2f7704
State comes from an incompatible keyword space
State comes from an incompatible keyword space
Refreshing native plugins compatible for Editor in 3.63 ms, found 3 plugins.
Preloading 0 native plugins for Editor in 0.00 ms.
Unloading 34 Unused Serialized files (Serialized files now loaded: 0)
Unloading 529 unused Assets / (1.9 MB). Loaded Objects now: 5601.
Memory consumption went from 110.2 MB to 108.3 MB.
Total: 4.518900 ms (FindLiveObjects: 0.351600 ms CreateObjectMapping: 0.235400 ms MarkObjects: 2.925500 ms  DeleteObjects: 1.005600 ms)

AssetImportParameters requested are different than current active one (requested -> active):
  custom:video-decoder-ogg-theora: a1e56fd34408186e4bbccfd4996cb3dc -> 
  custom:container-muxer-webm: aa71ff27fc2769a1b78a27578f13a17b -> 
  custom:container-demuxer-webm: 4f35f7cbe854078d1ac9338744f61a02 -> 
  custom:srp/default-shader: 00a0da0d000000000000000000000000 -> 0000e00a000e0de00000e000e0000000
  custom:video-encoder-webm-vp8: eb34c28f22e8b96e1ab97ce403110664 -> 
  custom:audio-encoder-webm-vorbis: bf7c407c2cedff20999df2af8eb42d56 -> 
  custom:framework-win-MediaFoundation: 216162199b28c13a410421893ffa2e32 -> 
  custom:container-demuxer-ogg: 62fdf1f143b41e24485cea50d1cbac27 -> 
  custom:video-decoder-webm-vp8: 9c59270c3fd7afecdb556c50c9e8de78 -> 
  custom:audio-decoder-ogg-vorbis: bf7c407c2cedff20999df2af8eb42d56 -> 
========================================================================
Received Import Request.
  Time since last request: 210.963198 seconds.
  path: Assets/Test/Goblin_Test.fbx
  artifactKey: Guid(c13859e5a82b3cf4a8ccb7810a9b02c5) Importer(815301076,1909f56bfc062723c751e8b465ee728b)
Start importing Assets/Test/Goblin_Test.fbx using Guid(c13859e5a82b3cf4a8ccb7810a9b02c5) Importer(815301076,1909f56bfc062723c751e8b465ee728b) Could not create URP's Global Settings - URP may not work correctly - Open  Project Settings > Graphics > URP Settings for additional help.
UnityEngine.StackTraceUtility:ExtractStackTrace ()
UnityEngine.DebugLogHandler:LogFormat (UnityEngine.LogType,UnityEngine.Object,string,object[])
UnityEngine.Logger:Log (UnityEngine.LogType,object)
UnityEngine.Debug:Assert (bool,string)
UnityEngine.Rendering.Universal.UniversalRenderPipelineGlobalSettings:Ensure (string,bool) (at Library/PackageCache/com.unity.render-pipelines.universal@12.1.6/Runtime/UniversalRenderPipelineGlobalSettings.cs:127)
UnityEngine.Rendering.Universal.UniversalRenderPipeline:.ctor (UnityEngine.Rendering.Universal.UniversalRenderPipelineAsset) (at Library/PackageCache/com.unity.render-pipelines.universal@12.1.6/Runtime/UniversalRenderPipeline.cs:147)
UnityEngine.Rendering.Universal.UniversalRenderPipelineAsset:CreatePipeline () (at Library/PackageCache/com.unity.render-pipelines.universal@12.1.6/Runtime/Data/UniversalRenderPipelineAsset.cs:401)
UnityEngine.Rendering.RenderPipelineAsset:InternalCreatePipeline ()
UnityEngine.Rendering.RenderPipelineManager:PrepareRenderPipeline (UnityEngine.Rendering.RenderPipelineAsset)
UnityEngine.Rendering.RenderPipelineManager:DoRenderLoop_Internal (UnityEngine.Rendering.RenderPipelineAsset,intptr,System.Collections.Generic.List`1<UnityEngine.Camera/RenderRequest>,Unity.Collections.LowLevel.Unsafe.AtomicSafetyHandle)
UnityEditor.PreviewRenderUtility:Render (bool,bool)
UnityEditor.GameObjectInspector:DoRenderPreview ()
UnityEditor.GameObjectInspector:RenderStaticPreview (string,UnityEngine.Object[],int,int)
UnityEditor.AssetPreviewUpdater:CreatePreview (UnityEngine.Object,UnityEngine.Object[],string,int,int)
UnityEditor.AssetPreviewUpdater:CreatePreviewForAsset (UnityEngine.Object,UnityEngine.Object[],string)

(Filename: Library/PackageCache/com.unity.render-pipelines.universal@12.1.6/Runtime/UniversalRenderPipelineGlobalSettings.cs Line: 127)

Could not create URP's Global Settings - URP may not work correctly - Open  Project Settings > Graphics > URP Settings for additional help.
UnityEngine.StackTraceUtility:ExtractStackTrace ()
UnityEngine.DebugLogHandler:LogFormat (UnityEngine.LogType,UnityEngine.Object,string,object[])
UnityEngine.Logger:Log (UnityEngine.LogType,object)
UnityEngine.Debug:Assert (bool,string)
UnityEngine.Rendering.Universal.UniversalRenderPipelineGlobalSettings:Ensure (string,bool) (at Library/PackageCache/com.unity.render-pipelines.universal@12.1.6/Runtime/UniversalRenderPipelineGlobalSettings.cs:127)
UnityEngine.Rendering.Universal.UniversalRenderPipeline:Render (UnityEngine.Rendering.ScriptableRenderContext,System.Collections.Generic.List`1<UnityEngine.Camera>) (at Library/PackageCache/com.unity.render-pipelines.universal@12.1.6/Runtime/UniversalRenderPipeline.cs:250)
UnityEngine.Rendering.RenderPipeline:InternalRender (UnityEngine.Rendering.ScriptableRenderContext,System.Collections.Generic.List`1<UnityEngine.Camera>)
UnityEngine.Rendering.RenderPipelineManager:DoRenderLoop_Internal (UnityEngine.Rendering.RenderPipelineAsset,intptr,System.Collections.Generic.List`1<UnityEngine.Camera/RenderRequest>,Unity.Collections.LowLevel.Unsafe.AtomicSafetyHandle)
UnityEditor.PreviewRenderUtility:Render (bool,bool)
UnityEditor.GameObjectInspector:DoRenderPreview ()
UnityEditor.GameObjectInspector:RenderStaticPreview (string,UnityEngine.Object[],int,int)
UnityEditor.AssetPreviewUpdater:CreatePreview (UnityEngine.Object,UnityEngine.Object[],string,int,int)
UnityEditor.AssetPreviewUpdater:CreatePreviewForAsset (UnityEngine.Object,UnityEngine.Object[],string)

(Filename: Library/PackageCache/com.unity.render-pipelines.universal@12.1.6/Runtime/UniversalRenderPipelineGlobalSettings.cs Line: 127)

Could not create URP's Global Settings - URP may not work correctly - Open  Project Settings > Graphics > URP Settings for additional help.
UnityEngine.StackTraceUtility:ExtractStackTrace ()
UnityEngine.DebugLogHandler:LogFormat (UnityEngine.LogType,UnityEngine.Object,string,object[])
UnityEngine.Logger:Log (UnityEngine.LogType,object)
UnityEngine.Debug:Assert (bool,string)
UnityEngine.Rendering.Universal.UniversalRenderPipelineGlobalSettings:Ensure (string,bool) (at Library/PackageCache/com.unity.render-pipelines.universal@12.1.6/Runtime/UniversalRenderPipelineGlobalSettings.cs:127)
UnityEngine.Rendering.Universal.UniversalRenderPipeline:Render (UnityEngine.Rendering.ScriptableRenderContext,System.Collections.Generic.List`1<UnityEngine.Camera>) (at Library/PackageCache/com.unity.render-pipelines.universal@12.1.6/Runtime/UniversalRenderPipeline.cs:250)
UnityEngine.Rendering.RenderPipeline:InternalRender (UnityEngine.Rendering.ScriptableRenderContext,System.Collections.Generic.List`1<UnityEngine.Camera>)
UnityEngine.Rendering.RenderPipelineManager:DoRenderLoop_Internal (UnityEngine.Rendering.RenderPipelineAsset,intptr,System.Collections.Generic.List`1<UnityEngine.Camera/RenderRequest>,Unity.Collections.LowLevel.Unsafe.AtomicSafetyHandle)
UnityEditor.PreviewRenderUtility:Render (bool,bool)
UnityEditor.GameObjectInspector:DoRenderPreview ()
UnityEditor.GameObjectInspector:RenderStaticPreview (string,UnityEngine.Object[],int,int)
UnityEditor.AssetPreviewUpdater:CreatePreview (UnityEngine.Object,UnityEngine.Object[],string,int,int)
UnityEditor.AssetPreviewUpdater:CreatePreviewForAsset (UnityEngine.Object,UnityEngine.Object[],string)

(Filename: Library/PackageCache/com.unity.render-pipelines.universal@12.1.6/Runtime/UniversalRenderPipelineGlobalSettings.cs Line: 127)

Could not create URP's Global Settings - URP may not work correctly - Open  Project Settings > Graphics > URP Settings for additional help.
UnityEngine.StackTraceUtility:ExtractStackTrace ()
UnityEngine.DebugLogHandler:LogFormat (UnityEngine.LogType,UnityEngine.Object,string,object[])
UnityEngine.Logger:Log (UnityEngine.LogType,object)
UnityEngine.Debug:Assert (bool,string)
UnityEngine.Rendering.Universal.UniversalRenderPipelineGlobalSettings:Ensure (string,bool) (at Library/PackageCache/com.unity.render-pipelines.universal@12.1.6/Runtime/UniversalRenderPipelineGlobalSettings.cs:127)
UnityEngine.Rendering.Universal.UniversalRenderPipeline:Render (UnityEngine.Rendering.ScriptableRenderContext,System.Collections.Generic.List`1<UnityEngine.Camera>) (at Library/PackageCache/com.unity.render-pipelines.universal@12.1.6/Runtime/UniversalRenderPipeline.cs:250)
UnityEngine.Rendering.RenderPipeline:InternalRender (UnityEngine.Rendering.ScriptableRenderContext,System.Collections.Generic.List`1<UnityEngine.Camera>)
UnityEngine.Rendering.RenderPipelineManager:DoRenderLoop_Internal (UnityEngine.Rendering.RenderPipelineAsset,intptr,System.Collections.Generic.List`1<UnityEngine.Camera/RenderRequest>,Unity.Collections.LowLevel.Unsafe.AtomicSafetyHandle)
UnityEditor.PreviewRenderUtility:Render (bool,bool)
UnityEditor.GameObjectInspector:DoRenderPreview ()
UnityEditor.GameObjectInspector:RenderStaticPreview (string,UnityEngine.Object[],int,int)
UnityEditor.AssetPreviewUpdater:CreatePreview (UnityEngine.Object,UnityEngine.Object[],string,int,int)
UnityEditor.AssetPreviewUpdater:CreatePreviewForAsset (UnityEngine.Object,UnityEngine.Object[],string)

(Filename: Library/PackageCache/com.unity.render-pipelines.universal@12.1.6/Runtime/UniversalRenderPipelineGlobalSettings.cs Line: 127)

Could not create URP's Global Settings - URP may not work correctly - Open  Project Settings > Graphics > URP Settings for additional help.
UnityEngine.StackTraceUtility:ExtractStackTrace ()
UnityEngine.DebugLogHandler:LogFormat (UnityEngine.LogType,UnityEngine.Object,string,object[])
UnityEngine.Logger:Log (UnityEngine.LogType,object)
UnityEngine.Debug:Assert (bool,string)
UnityEngine.Rendering.Universal.UniversalRenderPipelineGlobalSettings:Ensure (string,bool) (at Library/PackageCache/com.unity.render-pipelines.universal@12.1.6/Runtime/UniversalRenderPipelineGlobalSettings.cs:127)
UnityEngine.Rendering.Universal.UniversalRenderPipeline:Render (UnityEngine.Rendering.ScriptableRenderContext,System.Collections.Generic.List`1<UnityEngine.Camera>) (at Library/PackageCache/com.unity.render-pipelines.universal@12.1.6/Runtime/UniversalRenderPipeline.cs:250)
UnityEngine.Rendering.RenderPipeline:InternalRender (UnityEngine.Rendering.ScriptableRenderContext,System.Collections.Generic.List`1<UnityEngine.Camera>)
UnityEngine.Rendering.RenderPipelineManager:DoRenderLoop_Internal (UnityEngine.Rendering.RenderPipelineAsset,intptr,System.Collections.Generic.List`1<UnityEngine.Camera/RenderRequest>,Unity.Collections.LowLevel.Unsafe.AtomicSafetyHandle)
UnityEditor.PreviewRenderUtility:Render (bool,bool)
UnityEditor.GameObjectInspector:DoRenderPreview ()
UnityEditor.GameObjectInspector:RenderStaticPreview (string,UnityEngine.Object[],int,int)
UnityEditor.AssetPreviewUpdater:CreatePreview (UnityEngine.Object,UnityEngine.Object[],string,int,int)
UnityEditor.AssetPreviewUpdater:CreatePreviewForAsset (UnityEngine.Object,UnityEngine.Object[],string)

(Filename: Library/PackageCache/com.unity.render-pipelines.universal@12.1.6/Runtime/UniversalRenderPipelineGlobalSettings.cs Line: 127)

Could not create URP's Global Settings - URP may not work correctly - Open  Project Settings > Graphics > URP Settings for additional help.
UnityEngine.StackTraceUtility:ExtractStackTrace ()
UnityEngine.DebugLogHandler:LogFormat (UnityEngine.LogType,UnityEngine.Object,string,object[])
UnityEngine.Logger:Log (UnityEngine.LogType,object)
UnityEngine.Debug:Assert (bool,string)
UnityEngine.Rendering.Universal.UniversalRenderPipelineGlobalSettings:Ensure (string,bool) (at Library/PackageCache/com.unity.render-pipelines.universal@12.1.6/Runtime/UniversalRenderPipelineGlobalSettings.cs:127)
UnityEngine.Rendering.Universal.UniversalRenderPipeline:Render (UnityEngine.Rendering.ScriptableRenderContext,System.Collections.Generic.List`1<UnityEngine.Camera>) (at Library/PackageCache/com.unity.render-pipelines.universal@12.1.6/Runtime/UniversalRenderPipeline.cs:250)
UnityEngine.Rendering.RenderPipeline:InternalRender (UnityEngine.Rendering.ScriptableRenderContext,System.Collections.Generic.List`1<UnityEngine.Camera>)
UnityEngine.Rendering.RenderPipelineManager:DoRenderLoop_Internal (UnityEngine.Rendering.RenderPipelineAsset,intptr,System.Collections.Generic.List`1<UnityEngine.Camera/RenderRequest>,Unity.Collections.LowLevel.Unsafe.AtomicSafetyHandle)
UnityEditor.PreviewRenderUtility:Render (bool,bool)
UnityEditor.GameObjectInspector:DoRenderPreview ()
UnityEditor.GameObjectInspector:RenderStaticPreview (string,UnityEngine.Object[],int,int)
UnityEditor.AssetPreviewUpdater:CreatePreview (UnityEngine.Object,UnityEngine.Object[],string,int,int)
UnityEditor.AssetPreviewUpdater:CreatePreviewForAsset (UnityEngine.Object,UnityEngine.Object[],string)

(Filename: Library/PackageCache/com.unity.render-pipelines.universal@12.1.6/Runtime/UniversalRenderPipelineGlobalSettings.cs Line: 127)

Could not create URP's Global Settings - URP may not work correctly - Open  Project Settings > Graphics > URP Settings for additional help.
UnityEngine.StackTraceUtility:ExtractStackTrace ()
UnityEngine.DebugLogHandler:LogFormat (UnityEngine.LogType,UnityEngine.Object,string,object[])
UnityEngine.Logger:Log (UnityEngine.LogType,object)
UnityEngine.Debug:Assert (bool,string)
UnityEngine.Rendering.Universal.UniversalRenderPipelineGlobalSettings:Ensure (string,bool) (at Library/PackageCache/com.unity.render-pipelines.universal@12.1.6/Runtime/UniversalRenderPipelineGlobalSettings.cs:127)
UnityEngine.Rendering.Universal.UniversalRenderPipeline:Render (UnityEngine.Rendering.ScriptableRenderContext,System.Collections.Generic.List`1<UnityEngine.Camera>) (at Library/PackageCache/com.unity.render-pipelines.universal@12.1.6/Runtime/UniversalRenderPipeline.cs:250)
UnityEngine.Rendering.RenderPipeline:InternalRender (UnityEngine.Rendering.ScriptableRenderContext,System.Collections.Generic.List`1<UnityEngine.Camera>)
UnityEngine.Rendering.RenderPipelineManager:DoRenderLoop_Internal (UnityEngine.Rendering.RenderPipelineAsset,intptr,System.Collections.Generic.List`1<UnityEngine.Camera/RenderRequest>,Unity.Collections.LowLevel.Unsafe.AtomicSafetyHandle)
UnityEditor.PreviewRenderUtility:Render (bool,bool)
UnityEditor.MaterialEditor:DoRenderPreview (UnityEditor.PreviewRenderUtility,bool)
UnityEditor.MaterialEditor:RenderStaticPreview (string,UnityEngine.Object[],int,int)
UnityEditor.AssetPreviewUpdater:CreatePreview (UnityEngine.Object,UnityEngine.Object[],string,int,int)
UnityEditor.AssetPreviewUpdater:CreatePreviewForAsset (UnityEngine.Object,UnityEngine.Object[],string)

(Filename: Library/PackageCache/com.unity.render-pipelines.universal@12.1.6/Runtime/UniversalRenderPipelineGlobalSettings.cs Line: 127)

Could not create URP's Global Settings - URP may not work correctly - Open  Project Settings > Graphics > URP Settings for additional help.
UnityEngine.StackTraceUtility:ExtractStackTrace ()
UnityEngine.DebugLogHandler:LogFormat (UnityEngine.LogType,UnityEngine.Object,string,object[])
UnityEngine.Logger:Log (UnityEngine.LogType,object)
UnityEngine.Debug:Assert (bool,string)
UnityEngine.Rendering.Universal.UniversalRenderPipelineGlobalSettings:Ensure (string,bool) (at Library/PackageCache/com.unity.render-pipelines.universal@12.1.6/Runtime/UniversalRenderPipelineGlobalSettings.cs:127)
UnityEngine.Rendering.Universal.UniversalRenderPipeline:Render (UnityEngine.Rendering.ScriptableRenderContext,System.Collections.Generic.List`1<UnityEngine.Camera>) (at Library/PackageCache/com.unity.render-pipelines.universal@12.1.6/Runtime/UniversalRenderPipeline.cs:250)
UnityEngine.Rendering.RenderPipeline:InternalRender (UnityEngine.Rendering.ScriptableRenderContext,System.Collections.Generic.List`1<UnityEngine.Camera>)
UnityEngine.Rendering.RenderPipelineManager:DoRenderLoop_Internal (UnityEngine.Rendering.RenderPipelineAsset,intptr,System.Collections.Generic.List`1<UnityEngine.Camera/RenderRequest>,Unity.Collections.LowLevel.Unsafe.AtomicSafetyHandle)
UnityEditor.PreviewRenderUtility:Render (bool,bool)
UnityEditor.MaterialEditor:DoRenderPreview (UnityEditor.PreviewRenderUtility,bool)
UnityEditor.MaterialEditor:RenderStaticPreview (string,UnityEngine.Object[],int,int)
UnityEditor.AssetPreviewUpdater:CreatePreview (UnityEngine.Object,UnityEngine.Object[],string,int,int)
UnityEditor.AssetPreviewUpdater:CreatePreviewForAsset (UnityEngine.Object,UnityEngine.Object[],string)

(Filename: Library/PackageCache/com.unity.render-pipelines.universal@12.1.6/Runtime/UniversalRenderPipelineGlobalSettings.cs Line: 127)

Could not create URP's Global Settings - URP may not work correctly - Open  Project Settings > Graphics > URP Settings for additional help.
UnityEngine.StackTraceUtility:ExtractStackTrace ()
UnityEngine.DebugLogHandler:LogFormat (UnityEngine.LogType,UnityEngine.Object,string,object[])
UnityEngine.Logger:Log (UnityEngine.LogType,object)
UnityEngine.Debug:Assert (bool,string)
UnityEngine.Rendering.Universal.UniversalRenderPipelineGlobalSettings:Ensure (string,bool) (at Library/PackageCache/com.unity.render-pipelines.universal@12.1.6/Runtime/UniversalRenderPipelineGlobalSettings.cs:127)
UnityEngine.Rendering.Universal.UniversalRenderPipeline:Render (UnityEngine.Rendering.ScriptableRenderContext,System.Collections.Generic.List`1<UnityEngine.Camera>) (at Library/PackageCache/com.unity.render-pipelines.universal@12.1.6/Runtime/UniversalRenderPipeline.cs:250)
UnityEngine.Rendering.RenderPipeline:InternalRender (UnityEngine.Rendering.ScriptableRenderContext,System.Collections.Generic.List`1<UnityEngine.Camera>)
UnityEngine.Rendering.RenderPipelineManager:DoRenderLoop_Internal (UnityEngine.Rendering.RenderPipelineAsset,intptr,System.Collections.Generic.List`1<UnityEngine.Camera/RenderRequest>,Unity.Collections.LowLevel.Unsafe.AtomicSafetyHandle)
UnityEditor.PreviewRenderUtility:Render (bool,bool)
UnityEditor.MaterialEditor:DoRenderPreview (UnityEditor.PreviewRenderUtility,bool)
UnityEditor.MaterialEditor:RenderStaticPreview (string,UnityEngine.Object[],int,int)
UnityEditor.AssetPreviewUpdater:CreatePreview (UnityEngine.Object,UnityEngine.Object[],string,int,int)
UnityEditor.AssetPreviewUpdater:CreatePreviewForAsset (UnityEngine.Object,UnityEngine.Object[],string)

(Filename: Library/PackageCache/com.unity.render-pipelines.universal@12.1.6/Runtime/UniversalRenderPipelineGlobalSettings.cs Line: 127)

Could not create URP's Global Settings - URP may not work correctly - Open  Project Settings > Graphics > URP Settings for additional help.
UnityEngine.StackTraceUtility:ExtractStackTrace ()
UnityEngine.DebugLogHandler:LogFormat (UnityEngine.LogType,UnityEngine.Object,string,object[])
UnityEngine.Logger:Log (UnityEngine.LogType,object)
UnityEngine.Debug:Assert (bool,string)
UnityEngine.Rendering.Universal.UniversalRenderPipelineGlobalSettings:Ensure (string,bool) (at Library/PackageCache/com.unity.render-pipelines.universal@12.1.6/Runtime/UniversalRenderPipelineGlobalSettings.cs:127)
UnityEngine.Rendering.Universal.UniversalRenderPipeline:Render (UnityEngine.Rendering.ScriptableRenderContext,System.Collections.Generic.List`1<UnityEngine.Camera>) (at Library/PackageCache/com.unity.render-pipelines.universal@12.1.6/Runtime/UniversalRenderPipeline.cs:250)
UnityEngine.Rendering.RenderPipeline:InternalRender (UnityEngine.Rendering.ScriptableRenderContext,System.Collections.Generic.List`1<UnityEngine.Camera>)
UnityEngine.Rendering.RenderPipelineManager:DoRenderLoop_Internal (UnityEngine.Rendering.RenderPipelineAsset,intptr,System.Collections.Generic.List`1<UnityEngine.Camera/RenderRequest>,Unity.Collections.LowLevel.Unsafe.AtomicSafetyHandle)
UnityEditor.PreviewRenderUtility:Render (bool,bool)
UnityEditor.MaterialEditor:DoRenderPreview (UnityEditor.PreviewRenderUtility,bool)
UnityEditor.MaterialEditor:RenderStaticPreview (string,UnityEngine.Object[],int,int)
UnityEditor.AssetPreviewUpdater:CreatePreview (UnityEngine.Object,UnityEngine.Object[],string,int,int)
UnityEditor.AssetPreviewUpdater:CreatePreviewForAsset (UnityEngine.Object,UnityEngine.Object[],string)

(Filename: Library/PackageCache/com.unity.render-pipelines.universal@12.1.6/Runtime/UniversalRenderPipelineGlobalSettings.cs Line: 127)

 -> (artifact id: 'ebf466db389e530cb2542b5467cc5a1f') in 0.276826 seconds 
