Using pre-set license
Built from '2020.3/staging' branch; Version is '2020.3.42f1 (7ade1201f527) revision 8052242'; Using compiler version '192528614'; Build Type 'Release'
OS: 'Windows 10  (10.0.19045) 64bit Professional' Language: 'ko' Physical Memory: 130974 MB
BatchMode: 1, IsHumanControllingUs: 0, StartBugReporterOnCrash: 0, Is64bit: 1, IsPro: 0

COMMAND LINE ARGUMENTS:
C:\Program Files\Unity\Hub\Editor\2020.3.42f1\Editor\Unity.exe
-adb2
-batchMode
-noUpm
-name
AssetImportWorker0
-projectPath
D:/SVN/Kocca/HammerLike/HammerLike/Client/Firewatch Inspired + Pixel Art demo
-logFile
Logs/AssetImportWorker0.log
-srvPort
55455
Successfully changed project path to: D:/SVN/Kocca/HammerLike/HammerLike/Client/Firewatch Inspired + Pixel Art demo
D:/SVN/Kocca/HammerLike/HammerLike/Client/Firewatch Inspired + Pixel Art demo
Using Asset Import Pipeline V2.
Refreshing native plugins compatible for Editor in 34.04 ms, found 5 plugins.
Preloading 0 native plugins for Editor in 0.00 ms.
Initialize engine version: 2020.3.42f1 (7ade1201f527)
[Subsystems] Discovering subsystems at path C:/Program Files/Unity/Hub/Editor/2020.3.42f1/Editor/Data/Resources/UnitySubsystems
[Subsystems] Discovering subsystems at path D:/SVN/Kocca/HammerLike/HammerLike/Client/Firewatch Inspired + Pixel Art demo/Assets
GfxDevice: creating device client; threaded=0
Direct3D:
    Version:  Direct3D 11.0 [level 11.1]
    Renderer: NVIDIA GeForce RTX 3060 (ID=0x2503)
    Vendor:   
    VRAM:     12129 MB
    Driver:   31.0.15.3623
Initialize mono
Mono path[0] = 'C:/Program Files/Unity/Hub/Editor/2020.3.42f1/Editor/Data/Managed'
Mono path[1] = 'C:/Program Files/Unity/Hub/Editor/2020.3.42f1/Editor/Data/MonoBleedingEdge/lib/mono/unityjit'
Mono config path = 'C:/Program Files/Unity/Hub/Editor/2020.3.42f1/Editor/Data/MonoBleedingEdge/etc'
Using monoOptions --debugger-agent=transport=dt_socket,embedding=1,server=y,suspend=n,address=127.0.0.1:56312
Begin MonoManager ReloadAssembly
Registering precompiled unity dll's ...
Register platform support module: C:/Program Files/Unity/Hub/Editor/2020.3.42f1/Editor/Data/PlaybackEngines/WindowsStandaloneSupport/UnityEditor.WindowsStandalone.Extensions.dll
Registered in 0.001359 seconds.
Native extension for WindowsStandalone target not found
Refreshing native plugins compatible for Editor in 32.03 ms, found 5 plugins.
Preloading 0 native plugins for Editor in 0.00 ms.
Mono: successfully reloaded assembly
- Completed reload, in  0.407 seconds
Domain Reload Profiling:
	ReloadAssembly (407ms)
		BeginReloadAssembly (43ms)
			ExecutionOrderSort (0ms)
			DisableScriptedObjects (0ms)
			BackupInstance (0ms)
			ReleaseScriptingObjects (0ms)
			CreateAndSetChildDomain (0ms)
		EndReloadAssembly (316ms)
			LoadAssemblies (42ms)
			RebuildTransferFunctionScriptingTraits (0ms)
			SetupTypeCache (114ms)
			ReleaseScriptCaches (0ms)
			RebuildScriptCaches (18ms)
			SetupLoadedEditorAssemblies (116ms)
				LogAssemblyErrors (0ms)
				InitializePlatformSupportModulesInManaged (3ms)
				SetLoadedEditorAssemblies (0ms)
				RefreshPlugins (32ms)
				BeforeProcessingInitializeOnLoad (10ms)
				ProcessInitializeOnLoadAttributes (52ms)
				ProcessInitializeOnLoadMethodAttributes (18ms)
				AfterProcessingInitializeOnLoad (0ms)
				EditorAssembliesLoaded (0ms)
			ExecutionOrderSort2 (0ms)
			AwakeInstancesAfterBackupRestoration (0ms)
Platform modules already initialized, skipping
Registering precompiled user dll's ...
Registered in 0.002425 seconds.
Begin MonoManager ReloadAssembly
Native extension for WindowsStandalone target not found
Refreshing native plugins compatible for Editor in 0.51 ms, found 5 plugins.
Preloading 0 native plugins for Editor in 0.00 ms.
Mono: successfully reloaded assembly
- Completed reload, in  0.642 seconds
Domain Reload Profiling:
	ReloadAssembly (643ms)
		BeginReloadAssembly (97ms)
			ExecutionOrderSort (0ms)
			DisableScriptedObjects (3ms)
			BackupInstance (0ms)
			ReleaseScriptingObjects (0ms)
			CreateAndSetChildDomain (17ms)
		EndReloadAssembly (505ms)
			LoadAssemblies (63ms)
			RebuildTransferFunctionScriptingTraits (0ms)
			SetupTypeCache (168ms)
			ReleaseScriptCaches (0ms)
			RebuildScriptCaches (29ms)
			SetupLoadedEditorAssemblies (203ms)
				LogAssemblyErrors (0ms)
				InitializePlatformSupportModulesInManaged (3ms)
				SetLoadedEditorAssemblies (0ms)
				RefreshPlugins (1ms)
				BeforeProcessingInitializeOnLoad (55ms)
				ProcessInitializeOnLoadAttributes (131ms)
				ProcessInitializeOnLoadMethodAttributes (9ms)
				AfterProcessingInitializeOnLoad (5ms)
				EditorAssembliesLoaded (0ms)
			ExecutionOrderSort2 (0ms)
			AwakeInstancesAfterBackupRestoration (1ms)
Platform modules already initialized, skipping
========================================================================
Worker process is ready to serve import requests
Launched and connected shader compiler UnityShaderCompiler.exe after 0.04 seconds
Refreshing native plugins compatible for Editor in 0.52 ms, found 5 plugins.
Preloading 0 native plugins for Editor in 0.00 ms.
Unloading 1918 Unused Serialized files (Serialized files now loaded: 0)
System memory in use before: 302.1 MB.
System memory in use after: 94.4 MB.

Unloading 75 unused Assets to reduce memory usage. Loaded Objects now: 2311.
Total: 13.032300 ms (FindLiveObjects: 0.169400 ms CreateObjectMapping: 0.049700 ms MarkObjects: 2.236000 ms  DeleteObjects: 10.576500 ms)

AssetImportParameters requested are different than current active one (requested -> active):
  custom:framework-win-MediaFoundation: 216162199b28c13a410421893ffa2e32 -> 
  custom:video-decoder-ogg-theora: a1e56fd34408186e4bbccfd4996cb3dc -> 
  custom:container-muxer-webm: aa71ff27fc2769a1b78a27578f13a17b -> 
  custom:container-demuxer-webm: 4f35f7cbe854078d1ac9338744f61a02 -> 
  custom:container-demuxer-ogg: 62fdf1f143b41e24485cea50d1cbac27 -> 
  custom:video-encoder-webm-vp8: eb34c28f22e8b96e1ab97ce403110664 -> 
  custom:video-decoder-webm-vp8: 9c59270c3fd7afecdb556c50c9e8de78 -> 
  custom:audio-decoder-ogg-vorbis: bf7c407c2cedff20999df2af8eb42d56 -> 
  custom:audio-encoder-webm-vorbis: bf7c407c2cedff20999df2af8eb42d56 -> 
========================================================================
Received Import Request.
  path: Assets/New Terrain 1.asset
  artifactKey: Guid(890f7b44ad1822842bb190a58277620a) Importer(815301076,1909f56bfc062723c751e8b465ee728b)
Start importing Assets/New Terrain 1.asset using Guid(890f7b44ad1822842bb190a58277620a) Importer(815301076,1909f56bfc062723c751e8b465ee728b)  -> (artifact id: '85bbc87e4c987b339a7df808aa4d20ff') in 0.052698 seconds 
========================================================================
Received Import Request.
  Time since last request: 0.000132 seconds.
  path: Assets/pixel.renderTexture
  artifactKey: Guid(e292b41617621c945a99454ce9190cac) Importer(815301076,1909f56bfc062723c751e8b465ee728b)
Start importing Assets/pixel.renderTexture using Guid(e292b41617621c945a99454ce9190cac) Importer(815301076,1909f56bfc062723c751e8b465ee728b)  -> (artifact id: 'c34e3252e381edcd329677da16c6e0db') in 0.024358 seconds 
========================================================================
Received Import Request.
  Time since last request: 0.000110 seconds.
  path: Assets/New Terrain.asset
  artifactKey: Guid(1ad184f4413ad5c4baed8544abad4e7f) Importer(815301076,1909f56bfc062723c751e8b465ee728b)
Start importing Assets/New Terrain.asset using Guid(1ad184f4413ad5c4baed8544abad4e7f) Importer(815301076,1909f56bfc062723c751e8b465ee728b) Tree prefab at index 0 is missing.
 -> (artifact id: 'd6fdfedeba3cb6346f3ff64c8dbc7422') in 0.012713 seconds 
========================================================================
Received Import Request.
  Time since last request: 0.000105 seconds.
  path: Assets/Pine04.prefab
  artifactKey: Guid(7b7b633d9dc498d40a7ae922a9cf7c6e) Importer(815301076,1909f56bfc062723c751e8b465ee728b)
Start importing Assets/Pine04.prefab using Guid(7b7b633d9dc498d40a7ae922a9cf7c6e) Importer(815301076,1909f56bfc062723c751e8b465ee728b)  -> (artifact id: '58bb1ff243f3b5287572611c59b4ec1f') in 1.597450 seconds 
========================================================================
Received Import Request.
  Time since last request: 0.000137 seconds.
  path: Assets/sunmat.mat
  artifactKey: Guid(485c027c66c2c99478f1c79cdef0208b) Importer(815301076,1909f56bfc062723c751e8b465ee728b)
Start importing Assets/sunmat.mat using Guid(485c027c66c2c99478f1c79cdef0208b) Importer(815301076,1909f56bfc062723c751e8b465ee728b)  -> (artifact id: 'b894e86d2f383b4ff3957e63859238a5') in 0.222962 seconds 
========================================================================
Received Import Request.
  Time since last request: 210.625040 seconds.
  path: Assets/Scenes/Cube.prefab
  artifactKey: Guid(2619cc6fd22ddd94c8a304959ec53d92) Importer(815301076,1909f56bfc062723c751e8b465ee728b)
Start importing Assets/Scenes/Cube.prefab using Guid(2619cc6fd22ddd94c8a304959ec53d92) Importer(815301076,1909f56bfc062723c751e8b465ee728b)  -> (artifact id: '16f1bb21ace1ef2aa6bda4a2ce364aff') in 0.127559 seconds 
========================================================================
Received Import Request.
  Time since last request: 0.000104 seconds.
  path: Assets/Scenes/Leaf Texture 3.png
  artifactKey: Guid(c632ae7c86c1b6b4aa405156c461f82e) Importer(815301076,1909f56bfc062723c751e8b465ee728b)
Start importing Assets/Scenes/Leaf Texture 3.png using Guid(c632ae7c86c1b6b4aa405156c461f82e) Importer(815301076,1909f56bfc062723c751e8b465ee728b)  -> (artifact id: '06213d7b7fb80d8f05b12bd7966bc249') in 0.017787 seconds 
========================================================================
Received Import Request.
  Time since last request: 0.000097 seconds.
  path: Assets/Scenes/Stylized Tree Shader.mat
  artifactKey: Guid(486729acc1c3ff54188e5c9896d32792) Importer(815301076,1909f56bfc062723c751e8b465ee728b)
Start importing Assets/Scenes/Stylized Tree Shader.mat using Guid(486729acc1c3ff54188e5c9896d32792) Importer(815301076,1909f56bfc062723c751e8b465ee728b)  -> (artifact id: '472e753424d6b9660ae9fb8760808097') in 0.107843 seconds 
========================================================================
Received Import Request.
  Time since last request: 0.000138 seconds.
  path: Assets/Scenes/Trees.fbx
  artifactKey: Guid(5e336cc2844dae940bcf6eda37b680fa) Importer(815301076,1909f56bfc062723c751e8b465ee728b)
Start importing Assets/Scenes/Trees.fbx using Guid(5e336cc2844dae940bcf6eda37b680fa) Importer(815301076,1909f56bfc062723c751e8b465ee728b)  -> (artifact id: 'b122248551932f9261c46106fb09498c') in 0.076512 seconds 
========================================================================
Received Import Request.
  Time since last request: 0.000114 seconds.
  path: Assets/Scenes/WaterShader.mat
  artifactKey: Guid(20508184b1de08747b1ea39856265940) Importer(815301076,1909f56bfc062723c751e8b465ee728b)
Start importing Assets/Scenes/WaterShader.mat using Guid(20508184b1de08747b1ea39856265940) Importer(815301076,1909f56bfc062723c751e8b465ee728b)  -> (artifact id: 'b996bb38920a91d36db85f992c840692') in 0.173636 seconds 
========================================================================
Received Import Request.
  Time since last request: 0.000098 seconds.
  path: Assets/Scenes/grass.fbx
  artifactKey: Guid(994f88c451a8206419c18597ef5eeb8f) Importer(815301076,1909f56bfc062723c751e8b465ee728b)
Start importing Assets/Scenes/grass.fbx using Guid(994f88c451a8206419c18597ef5eeb8f) Importer(815301076,1909f56bfc062723c751e8b465ee728b)  -> (artifact id: '49a29ca9bd5b42da56da857bff24961b') in 0.010878 seconds 
========================================================================
Received Import Request.
  Time since last request: 0.000094 seconds.
  path: Assets/Scenes/Custom_TreeLeafShader 1.mat
  artifactKey: Guid(8ecd4c50e1aa1f04b84ab08282f3078c) Importer(815301076,1909f56bfc062723c751e8b465ee728b)
Start importing Assets/Scenes/Custom_TreeLeafShader 1.mat using Guid(8ecd4c50e1aa1f04b84ab08282f3078c) Importer(815301076,1909f56bfc062723c751e8b465ee728b)  -> (artifact id: '80c6a92409fcddcd00a92a0ac9d44801') in 0.011531 seconds 
========================================================================
Received Import Request.
  Time since last request: 0.000095 seconds.
  path: Assets/Scenes/Custom_TreeLeafShader 2.mat
  artifactKey: Guid(7be3c828f2bc543438ccce36e40ecaff) Importer(815301076,1909f56bfc062723c751e8b465ee728b)
Start importing Assets/Scenes/Custom_TreeLeafShader 2.mat using Guid(7be3c828f2bc543438ccce36e40ecaff) Importer(815301076,1909f56bfc062723c751e8b465ee728b)  -> (artifact id: '685475a934661c9d6b7d84bfb8aaebe1') in 0.010238 seconds 
========================================================================
Received Import Request.
  Time since last request: 0.000083 seconds.
  path: Assets/Scenes/Leaf Texture 8.png
  artifactKey: Guid(f9d502387aa789243aec72391cf92f83) Importer(815301076,1909f56bfc062723c751e8b465ee728b)
Start importing Assets/Scenes/Leaf Texture 8.png using Guid(f9d502387aa789243aec72391cf92f83) Importer(815301076,1909f56bfc062723c751e8b465ee728b)  -> (artifact id: '5ae588f5802b2f6e65dca1b340b4ad1d') in 0.008275 seconds 
========================================================================
Received Import Request.
  Time since last request: 0.000090 seconds.
  path: Assets/Scenes/Stylized Tree Shader 1.mat
  artifactKey: Guid(aee69e0aef936b045909b718f46005b7) Importer(815301076,1909f56bfc062723c751e8b465ee728b)
Start importing Assets/Scenes/Stylized Tree Shader 1.mat using Guid(aee69e0aef936b045909b718f46005b7) Importer(815301076,1909f56bfc062723c751e8b465ee728b)  -> (artifact id: '5e937e6ca02220da2e79bd8c83ecb58a') in 0.011561 seconds 
========================================================================
Received Import Request.
  Time since last request: 1.580565 seconds.
  path: Assets/Scenes/Stylized Water
  artifactKey: Guid(8a49bd694824a504fa2322d6714e177b) Importer(815301076,1909f56bfc062723c751e8b465ee728b)
Start importing Assets/Scenes/Stylized Water using Guid(8a49bd694824a504fa2322d6714e177b) Importer(815301076,1909f56bfc062723c751e8b465ee728b)  -> (artifact id: 'fc22a445df88bab570d9721be65fa93b') in 0.005769 seconds 
========================================================================
Received Import Request.
  Time since last request: 13.388915 seconds.
  path: Assets/Main stuff (messed up)/Grass by Minions Art/Grass Float 2/1Custom_GrassComputeVertexFrag.mat
  artifactKey: Guid(0b945dbf8a869df44b4ae40e5f706245) Importer(815301076,1909f56bfc062723c751e8b465ee728b)
Start importing Assets/Main stuff (messed up)/Grass by Minions Art/Grass Float 2/1Custom_GrassComputeVertexFrag.mat using Guid(0b945dbf8a869df44b4ae40e5f706245) Importer(815301076,1909f56bfc062723c751e8b465ee728b)  -> (artifact id: '617668d0f16d5be66c6025f1122d6f74') in 0.086306 seconds 
========================================================================
Received Import Request.
  Time since last request: 0.000123 seconds.
  path: Assets/Main stuff (messed up)/FlatKit/Demos/[Demo] Fruit Vase/FruitVaseScenes-Shared-CameraProfiles/FruitVaseScenes-Shared-MainCameraProfile.asset
  artifactKey: Guid(7c2ec107993e14b2399c5077ad269157) Importer(815301076,1909f56bfc062723c751e8b465ee728b)
Start importing Assets/Main stuff (messed up)/FlatKit/Demos/[Demo] Fruit Vase/FruitVaseScenes-Shared-CameraProfiles/FruitVaseScenes-Shared-MainCameraProfile.asset using Guid(7c2ec107993e14b2399c5077ad269157) Importer(815301076,1909f56bfc062723c751e8b465ee728b)  -> (artifact id: '76cf760538c13f7b1c8b84f028b85ce9') in 0.005609 seconds 
========================================================================
Received Import Request.
  Time since last request: 0.000094 seconds.
  path: Assets/Main stuff (messed up)/FlatKit/Demos/[Demo] Room/Room-Models/Telescope.fbx
  artifactKey: Guid(1322354ca00f74f31974714339b5d7c6) Importer(815301076,1909f56bfc062723c751e8b465ee728b)
Start importing Assets/Main stuff (messed up)/FlatKit/Demos/[Demo] Room/Room-Models/Telescope.fbx using Guid(1322354ca00f74f31974714339b5d7c6) Importer(815301076,1909f56bfc062723c751e8b465ee728b)  -> (artifact id: 'cf62e183c5074fea08141f34aacc7b55') in 0.021091 seconds 
========================================================================
Received Import Request.
  Time since last request: 0.000104 seconds.
  path: Assets/Main stuff (messed up)/Grass by Minions Art/Custom_GrassComputeVertexFrag.mat
  artifactKey: Guid(2c4919b77e4f25e4d8c01e83a09b6d25) Importer(815301076,1909f56bfc062723c751e8b465ee728b)
Start importing Assets/Main stuff (messed up)/Grass by Minions Art/Custom_GrassComputeVertexFrag.mat using Guid(2c4919b77e4f25e4d8c01e83a09b6d25) Importer(815301076,1909f56bfc062723c751e8b465ee728b)  -> (artifact id: '6780bf5bfbbe01abdccd90639d938adf') in 0.086854 seconds 
========================================================================
Received Import Request.
  Time since last request: 7.044338 seconds.
  path: Assets/Stylized Grass Demo.unity
  artifactKey: Guid(6475fdf6941201849969f6985aa2732a) Importer(815301076,1909f56bfc062723c751e8b465ee728b)
Start importing Assets/Stylized Grass Demo.unity using Guid(6475fdf6941201849969f6985aa2732a) Importer(815301076,1909f56bfc062723c751e8b465ee728b)  -> (artifact id: '8d4d5ef09e55c9f349ebd5ad84416ed9') in 0.005799 seconds 
========================================================================
Received Import Request.
  Time since last request: 74.770682 seconds.
  path: Assets/Scenes
  artifactKey: Guid(6ea315d0fd7389c41b19996891e99ae3) Importer(815301076,1909f56bfc062723c751e8b465ee728b)
Start importing Assets/Scenes using Guid(6ea315d0fd7389c41b19996891e99ae3) Importer(815301076,1909f56bfc062723c751e8b465ee728b)  -> (artifact id: '9168112a17b07f3ee034ca0d2dc1544d') in 0.006082 seconds 
========================================================================
Received Import Request.
  Time since last request: 1.507341 seconds.
  path: Assets/SubjectNerd
  artifactKey: Guid(635ac5ecd7d1d764d81b04e24658c6c3) Importer(815301076,1909f56bfc062723c751e8b465ee728b)
Start importing Assets/SubjectNerd using Guid(635ac5ecd7d1d764d81b04e24658c6c3) Importer(815301076,1909f56bfc062723c751e8b465ee728b)  -> (artifact id: '8dc37be4c634c36dff27d23769efc05e') in 0.005744 seconds 
========================================================================
Received Import Request.
  Time since last request: 1.503705 seconds.
  path: Assets/source/retop2.fbx
  artifactKey: Guid(5323903ad997aa745bd30fe6217a11b2) Importer(815301076,1909f56bfc062723c751e8b465ee728b)
Start importing Assets/source/retop2.fbx using Guid(5323903ad997aa745bd30fe6217a11b2) Importer(815301076,1909f56bfc062723c751e8b465ee728b)  -> (artifact id: '96e6a1796ccb1006f0677c5be533bf9f') in 0.163930 seconds 
========================================================================
Received Import Request.
  Time since last request: 1.330571 seconds.
  path: Assets/Scenes/SampleScene_Profiles/Main Camera Profile.asset
  artifactKey: Guid(922e333c23240ae4c849aacb10901955) Importer(815301076,1909f56bfc062723c751e8b465ee728b)
Start importing Assets/Scenes/SampleScene_Profiles/Main Camera Profile.asset using Guid(922e333c23240ae4c849aacb10901955) Importer(815301076,1909f56bfc062723c751e8b465ee728b)  -> (artifact id: '0ff3aef1024dedf9a967bd58e0b27767') in 0.018384 seconds 
========================================================================
Received Prepare
Registering precompiled user dll's ...
Registered in 0.002231 seconds.
Begin MonoManager ReloadAssembly
Native extension for WindowsStandalone target not found
Refreshing native plugins compatible for Editor in 0.52 ms, found 5 plugins.
Preloading 0 native plugins for Editor in 0.00 ms.
Mono: successfully reloaded assembly
- Completed reload, in  0.633 seconds
Domain Reload Profiling:
	ReloadAssembly (634ms)
		BeginReloadAssembly (88ms)
			ExecutionOrderSort (0ms)
			DisableScriptedObjects (3ms)
			BackupInstance (0ms)
			ReleaseScriptingObjects (0ms)
			CreateAndSetChildDomain (28ms)
		EndReloadAssembly (504ms)
			LoadAssemblies (66ms)
			RebuildTransferFunctionScriptingTraits (0ms)
			SetupTypeCache (169ms)
			ReleaseScriptCaches (1ms)
			RebuildScriptCaches (26ms)
			SetupLoadedEditorAssemblies (197ms)
				LogAssemblyErrors (0ms)
				InitializePlatformSupportModulesInManaged (3ms)
				SetLoadedEditorAssemblies (0ms)
				RefreshPlugins (1ms)
				BeforeProcessingInitializeOnLoad (52ms)
				ProcessInitializeOnLoadAttributes (126ms)
				ProcessInitializeOnLoadMethodAttributes (9ms)
				AfterProcessingInitializeOnLoad (5ms)
				EditorAssembliesLoaded (0ms)
			ExecutionOrderSort2 (0ms)
			AwakeInstancesAfterBackupRestoration (1ms)
Platform modules already initialized, skipping
Refreshing native plugins compatible for Editor in 0.51 ms, found 5 plugins.
Preloading 0 native plugins for Editor in 0.00 ms.
Unloading 1914 Unused Serialized files (Serialized files now loaded: 0)
System memory in use before: 306.3 MB.
System memory in use after: 194.0 MB.

Unloading 65 unused Assets to reduce memory usage. Loaded Objects now: 2370.
Total: 8.802500 ms (FindLiveObjects: 0.169100 ms CreateObjectMapping: 0.073800 ms MarkObjects: 2.220000 ms  DeleteObjects: 6.338900 ms)

AssetImportParameters requested are different than current active one (requested -> active):
  custom:framework-win-MediaFoundation: 216162199b28c13a410421893ffa2e32 -> 
  custom:video-decoder-ogg-theora: a1e56fd34408186e4bbccfd4996cb3dc -> 
  custom:container-muxer-webm: aa71ff27fc2769a1b78a27578f13a17b -> 
  custom:container-demuxer-webm: 4f35f7cbe854078d1ac9338744f61a02 -> 
  custom:container-demuxer-ogg: 62fdf1f143b41e24485cea50d1cbac27 -> 
  custom:video-encoder-webm-vp8: eb34c28f22e8b96e1ab97ce403110664 -> 
  custom:video-decoder-webm-vp8: 9c59270c3fd7afecdb556c50c9e8de78 -> 
  custom:audio-decoder-ogg-vorbis: bf7c407c2cedff20999df2af8eb42d56 -> 
  custom:audio-encoder-webm-vorbis: bf7c407c2cedff20999df2af8eb42d56 -> 
========================================================================
Received Import Request.
  Time since last request: 490.605064 seconds.
  path: Assets/Main stuff (messed up)/FlatKit/Demos/[Demo] Valley/Valley - Scene - With Fog.unity
  artifactKey: Guid(6ae1fd040fd6a43288bb4ac1d87ccf07) Importer(815301076,1909f56bfc062723c751e8b465ee728b)
Start importing Assets/Main stuff (messed up)/FlatKit/Demos/[Demo] Valley/Valley - Scene - With Fog.unity using Guid(6ae1fd040fd6a43288bb4ac1d87ccf07) Importer(815301076,1909f56bfc062723c751e8b465ee728b)  -> (artifact id: 'd10976185ca4a77cb8195cca12959ac6') in 0.009401 seconds 
========================================================================
Received Import Request.
  Time since last request: 2.749263 seconds.
  path: Assets/Scenes/SampleScene.unity
  artifactKey: Guid(9fc0d4010bbf28b4594072e72b8655ab) Importer(815301076,1909f56bfc062723c751e8b465ee728b)
Start importing Assets/Scenes/SampleScene.unity using Guid(9fc0d4010bbf28b4594072e72b8655ab) Importer(815301076,1909f56bfc062723c751e8b465ee728b)  -> (artifact id: '74af361b3b075f8d87ae3f327d4c4246') in 0.005987 seconds 
========================================================================
Received Import Request.
  Time since last request: 6.070851 seconds.
  path: Assets/Main stuff (messed up)/FlatKit/Demos/[Demo] Wanderer/Wanderer - Scene.unity
  artifactKey: Guid(7ed1072f01f684603aaed176cb87adcf) Importer(815301076,1909f56bfc062723c751e8b465ee728b)
Start importing Assets/Main stuff (messed up)/FlatKit/Demos/[Demo] Wanderer/Wanderer - Scene.unity using Guid(7ed1072f01f684603aaed176cb87adcf) Importer(815301076,1909f56bfc062723c751e8b465ee728b)  -> (artifact id: 'dd2bd05381826c804fa407f822744ab6') in 0.006322 seconds 
========================================================================
Received Import Request.
  Time since last request: 9.537482 seconds.
  path: Assets/Main stuff (messed up)/FlatKit/Demos/[Demo] Mugs/Mugs - Scene1 - OneColorVariousParameters.unity
  artifactKey: Guid(6a99dc8d088024ad1a7d74ac9b92ba96) Importer(815301076,1909f56bfc062723c751e8b465ee728b)
Start importing Assets/Main stuff (messed up)/FlatKit/Demos/[Demo] Mugs/Mugs - Scene1 - OneColorVariousParameters.unity using Guid(6a99dc8d088024ad1a7d74ac9b92ba96) Importer(815301076,1909f56bfc062723c751e8b465ee728b)  -> (artifact id: 'f14cf80d0dbf00ff0f29dd2788185a4b') in 0.006436 seconds 
========================================================================
Received Import Request.
  Time since last request: 0.575672 seconds.
  path: Assets/Scenes/New Scene.unity
  artifactKey: Guid(04c3699d13e2b7b488ec4c61c65786bd) Importer(815301076,1909f56bfc062723c751e8b465ee728b)
Start importing Assets/Scenes/New Scene.unity using Guid(04c3699d13e2b7b488ec4c61c65786bd) Importer(815301076,1909f56bfc062723c751e8b465ee728b)  -> (artifact id: 'c6ffe3762c264eba51853ccabe41e441') in 0.005950 seconds 
========================================================================
Received Import Request.
  Time since last request: 4.444278 seconds.
  path: Assets/Main stuff (messed up)/FlatKit/Demos/[Demo] IslandWithTrees/IslandWithTrees-Scene.unity
  artifactKey: Guid(956385759b4764b6ca2992f1d1a3c1b4) Importer(815301076,1909f56bfc062723c751e8b465ee728b)
Start importing Assets/Main stuff (messed up)/FlatKit/Demos/[Demo] IslandWithTrees/IslandWithTrees-Scene.unity using Guid(956385759b4764b6ca2992f1d1a3c1b4) Importer(815301076,1909f56bfc062723c751e8b465ee728b)  -> (artifact id: '1cf73a4a45f20ff9676af86a4b3f871e') in 0.005713 seconds 
========================================================================
Received Import Request.
  Time since last request: 4.158710 seconds.
  path: Assets/Main stuff (messed up)/FlatKit/Demos/[Demo] Mugs/Mugs - Scene2 - ColorfulMisc.unity
  artifactKey: Guid(0dfa98ce6ac354785b87a1f05abef26c) Importer(815301076,1909f56bfc062723c751e8b465ee728b)
Start importing Assets/Main stuff (messed up)/FlatKit/Demos/[Demo] Mugs/Mugs - Scene2 - ColorfulMisc.unity using Guid(0dfa98ce6ac354785b87a1f05abef26c) Importer(815301076,1909f56bfc062723c751e8b465ee728b)  -> (artifact id: '5ed9c7372b61c99c0df45a520c7e6cef') in 0.005896 seconds 
========================================================================
Received Import Request.
  Time since last request: 2.478735 seconds.
  path: Assets/Main stuff (messed up)/Krearthur/GOPainter/ExampleAssets/Scenes/ExampleScene.unity
  artifactKey: Guid(9fc0d4010bbf28b4594072e72b8655ac) Importer(815301076,1909f56bfc062723c751e8b465ee728b)
Start importing Assets/Main stuff (messed up)/Krearthur/GOPainter/ExampleAssets/Scenes/ExampleScene.unity using Guid(9fc0d4010bbf28b4594072e72b8655ac) Importer(815301076,1909f56bfc062723c751e8b465ee728b)  -> (artifact id: '5c03c16ccac0396519e7d35507b168b3') in 0.273000 seconds 
========================================================================
Received Import Request.
  Time since last request: 1.168142 seconds.
  path: Assets/Main stuff (messed up)/FlatKit/Demos/[Demo] Car/Car - Scene - Set5.unity
  artifactKey: Guid(928e1795041b74c2688a640bc5de1d9c) Importer(815301076,1909f56bfc062723c751e8b465ee728b)
Start importing Assets/Main stuff (messed up)/FlatKit/Demos/[Demo] Car/Car - Scene - Set5.unity using Guid(928e1795041b74c2688a640bc5de1d9c) Importer(815301076,1909f56bfc062723c751e8b465ee728b)  -> (artifact id: 'a41d05561a1799f05f6fed3469738947') in 0.005979 seconds 
========================================================================
Received Import Request.
  Time since last request: 0.876583 seconds.
  path: Assets/Main stuff (messed up)/FlatKit/Demos/[Demo] Car/Car - Scene - Set4.unity
  artifactKey: Guid(1147a6bb4101f4e35a7cc096b1a00aa0) Importer(815301076,1909f56bfc062723c751e8b465ee728b)
Start importing Assets/Main stuff (messed up)/FlatKit/Demos/[Demo] Car/Car - Scene - Set4.unity using Guid(1147a6bb4101f4e35a7cc096b1a00aa0) Importer(815301076,1909f56bfc062723c751e8b465ee728b)  -> (artifact id: '374de256dc137fda1c517ee3fbcefcdf') in 0.005504 seconds 
========================================================================
Received Import Request.
  Time since last request: 0.829083 seconds.
  path: Assets/Main stuff (messed up)/FlatKit/Demos/[Demo] Car/Car - Scene - Set3.unity
  artifactKey: Guid(26e7b998e4722451fa7d94993d1c9f57) Importer(815301076,1909f56bfc062723c751e8b465ee728b)
Start importing Assets/Main stuff (messed up)/FlatKit/Demos/[Demo] Car/Car - Scene - Set3.unity using Guid(26e7b998e4722451fa7d94993d1c9f57) Importer(815301076,1909f56bfc062723c751e8b465ee728b)  -> (artifact id: '7e44b6761dbc00b1d43730a66d3f56f2') in 0.005882 seconds 
========================================================================
Received Import Request.
  Time since last request: 0.715432 seconds.
  path: Assets/Main stuff (messed up)/FlatKit/Demos/[Demo] Car/Car - Scene - Set2.unity
  artifactKey: Guid(91c2694f0a7234fa990a8a12b879aa58) Importer(815301076,1909f56bfc062723c751e8b465ee728b)
Start importing Assets/Main stuff (messed up)/FlatKit/Demos/[Demo] Car/Car - Scene - Set2.unity using Guid(91c2694f0a7234fa990a8a12b879aa58) Importer(815301076,1909f56bfc062723c751e8b465ee728b)  -> (artifact id: '330672ed79030351cdeacf81e2378098') in 0.004913 seconds 
========================================================================
Received Import Request.
  Time since last request: 0.867144 seconds.
  path: Assets/Main stuff (messed up)/FlatKit/Demos/[Demo] Fruit Vase/1-FruitVaseScene-CelShadingMode-None-CompletelyFlat.unity
  artifactKey: Guid(d3c202f2b133542aba8a2140888f5d3e) Importer(815301076,1909f56bfc062723c751e8b465ee728b)
Start importing Assets/Main stuff (messed up)/FlatKit/Demos/[Demo] Fruit Vase/1-FruitVaseScene-CelShadingMode-None-CompletelyFlat.unity using Guid(d3c202f2b133542aba8a2140888f5d3e) Importer(815301076,1909f56bfc062723c751e8b465ee728b)  -> (artifact id: 'b467c4ae5502f1b26d9e3b7849b05ea7') in 0.005651 seconds 
========================================================================
Received Import Request.
  Time since last request: 0.785000 seconds.
  path: Assets/Main stuff (messed up)/FlatKit/Demos/[Demo] Fruit Vase/2-FruitVaseScene-CelShadingMode-Single.unity
  artifactKey: Guid(0db63bb129c1946d5b01801c463e64eb) Importer(815301076,1909f56bfc062723c751e8b465ee728b)
Start importing Assets/Main stuff (messed up)/FlatKit/Demos/[Demo] Fruit Vase/2-FruitVaseScene-CelShadingMode-Single.unity using Guid(0db63bb129c1946d5b01801c463e64eb) Importer(815301076,1909f56bfc062723c751e8b465ee728b)  -> (artifact id: 'fb88675842b7d54b67bc6c10a2938ba4') in 0.006080 seconds 
========================================================================
Received Import Request.
  Time since last request: 0.591848 seconds.
  path: Assets/Main stuff (messed up)/FlatKit/Demos/[Demo] Fruit Vase/3-FruitVaseScene-CelShadingMode-Steps.unity
  artifactKey: Guid(a24548184c7cf4ed191f161e820e92fb) Importer(815301076,1909f56bfc062723c751e8b465ee728b)
Start importing Assets/Main stuff (messed up)/FlatKit/Demos/[Demo] Fruit Vase/3-FruitVaseScene-CelShadingMode-Steps.unity using Guid(a24548184c7cf4ed191f161e820e92fb) Importer(815301076,1909f56bfc062723c751e8b465ee728b)  -> (artifact id: 'c2a1bed39edd4dc63b1517045963eb6e') in 0.005584 seconds 
========================================================================
Received Import Request.
  Time since last request: 0.883737 seconds.
  path: Assets/Main stuff (messed up)/FlatKit/Demos/[Demo] Fruit Vase/4-FruitVaseScene-CelShadingMode-Curve.unity
  artifactKey: Guid(28730041f3e264cc691089397563cb45) Importer(815301076,1909f56bfc062723c751e8b465ee728b)
Start importing Assets/Main stuff (messed up)/FlatKit/Demos/[Demo] Fruit Vase/4-FruitVaseScene-CelShadingMode-Curve.unity using Guid(28730041f3e264cc691089397563cb45) Importer(815301076,1909f56bfc062723c751e8b465ee728b)  -> (artifact id: 'f28edee0575ca36a44a25c6ca094c7cb') in 0.004680 seconds 
========================================================================
Received Import Request.
  Time since last request: 0.950161 seconds.
  path: Assets/Main stuff (messed up)/FlatKit/Demos/[Demo] Fruit Vase/5-FruitVaseScene-Var-StylizedSurfaceShaderWithOutlines.unity
  artifactKey: Guid(d3321ae2fa3884ef1a8d3e9c3d9ea35f) Importer(815301076,1909f56bfc062723c751e8b465ee728b)
Start importing Assets/Main stuff (messed up)/FlatKit/Demos/[Demo] Fruit Vase/5-FruitVaseScene-Var-StylizedSurfaceShaderWithOutlines.unity using Guid(d3321ae2fa3884ef1a8d3e9c3d9ea35f) Importer(815301076,1909f56bfc062723c751e8b465ee728b)  -> (artifact id: '5dbeaeddf5dd889cfdf5d6ba0e668ca9') in 0.004616 seconds 
========================================================================
Received Import Request.
  Time since last request: 0.998335 seconds.
  path: Assets/Main stuff (messed up)/FlatKit/Demos/[Demo] Fruit Vase/6-FruitVaseScene-Var-TwoColor.unity
  artifactKey: Guid(bb817749513614352928f14fc6cac264) Importer(815301076,1909f56bfc062723c751e8b465ee728b)
Start importing Assets/Main stuff (messed up)/FlatKit/Demos/[Demo] Fruit Vase/6-FruitVaseScene-Var-TwoColor.unity using Guid(bb817749513614352928f14fc6cac264) Importer(815301076,1909f56bfc062723c751e8b465ee728b)  -> (artifact id: '887e7426e7f3d1e50508c1a3ea4e112d') in 0.004236 seconds 
========================================================================
Received Import Request.
  Time since last request: 1.519780 seconds.
  path: Assets/Main stuff (messed up)/FlatKit/Demos/[Demo] Fruit Vase/7-FruitVaseScene-Var-OutlineImageEffect.unity
  artifactKey: Guid(9a0a29da9794946ffafff1adbafbbaf4) Importer(815301076,1909f56bfc062723c751e8b465ee728b)
Start importing Assets/Main stuff (messed up)/FlatKit/Demos/[Demo] Fruit Vase/7-FruitVaseScene-Var-OutlineImageEffect.unity using Guid(9a0a29da9794946ffafff1adbafbbaf4) Importer(815301076,1909f56bfc062723c751e8b465ee728b)  -> (artifact id: '1cebf793b0fc4ee24bab4e4fbc798984') in 0.021466 seconds 
========================================================================
Received Prepare
Registering precompiled user dll's ...
Registered in 0.003091 seconds.
Begin MonoManager ReloadAssembly
Native extension for WindowsStandalone target not found
Refreshing native plugins compatible for Editor in 0.54 ms, found 5 plugins.
Preloading 0 native plugins for Editor in 0.00 ms.
Mono: successfully reloaded assembly
- Completed reload, in  0.638 seconds
Domain Reload Profiling:
	ReloadAssembly (638ms)
		BeginReloadAssembly (84ms)
			ExecutionOrderSort (0ms)
			DisableScriptedObjects (3ms)
			BackupInstance (0ms)
			ReleaseScriptingObjects (0ms)
			CreateAndSetChildDomain (26ms)
		EndReloadAssembly (513ms)
			LoadAssemblies (63ms)
			RebuildTransferFunctionScriptingTraits (0ms)
			SetupTypeCache (174ms)
			ReleaseScriptCaches (1ms)
			RebuildScriptCaches (27ms)
			SetupLoadedEditorAssemblies (202ms)
				LogAssemblyErrors (0ms)
				InitializePlatformSupportModulesInManaged (3ms)
				SetLoadedEditorAssemblies (0ms)
				RefreshPlugins (1ms)
				BeforeProcessingInitializeOnLoad (53ms)
				ProcessInitializeOnLoadAttributes (130ms)
				ProcessInitializeOnLoadMethodAttributes (9ms)
				AfterProcessingInitializeOnLoad (5ms)
				EditorAssembliesLoaded (0ms)
			ExecutionOrderSort2 (0ms)
			AwakeInstancesAfterBackupRestoration (1ms)
Platform modules already initialized, skipping
Refreshing native plugins compatible for Editor in 0.53 ms, found 5 plugins.
Preloading 0 native plugins for Editor in 0.00 ms.
Unloading 1908 Unused Serialized files (Serialized files now loaded: 0)
System memory in use before: 305.6 MB.
System memory in use after: 193.4 MB.

Unloading 64 unused Assets to reduce memory usage. Loaded Objects now: 2373.
Total: 9.619500 ms (FindLiveObjects: 0.184100 ms CreateObjectMapping: 0.046400 ms MarkObjects: 2.285300 ms  DeleteObjects: 7.103300 ms)

AssetImportParameters requested are different than current active one (requested -> active):
  custom:framework-win-MediaFoundation: 216162199b28c13a410421893ffa2e32 -> 
  custom:video-decoder-ogg-theora: a1e56fd34408186e4bbccfd4996cb3dc -> 
  custom:container-muxer-webm: aa71ff27fc2769a1b78a27578f13a17b -> 
  custom:container-demuxer-webm: 4f35f7cbe854078d1ac9338744f61a02 -> 
  custom:container-demuxer-ogg: 62fdf1f143b41e24485cea50d1cbac27 -> 
  custom:video-encoder-webm-vp8: eb34c28f22e8b96e1ab97ce403110664 -> 
  custom:video-decoder-webm-vp8: 9c59270c3fd7afecdb556c50c9e8de78 -> 
  custom:audio-decoder-ogg-vorbis: bf7c407c2cedff20999df2af8eb42d56 -> 
  custom:audio-encoder-webm-vorbis: bf7c407c2cedff20999df2af8eb42d56 -> 
AssetImportWorkerClient::OnTransportError - code=2 error=End of file
